#
# A fatal error has been detected by the Java Runtime Environment:
#
#  EXCEPTION_ACCESS_VIOLATION (0xc0000005) at pc=0x66060156, pid=10716, tid=16072
#
# JRE version: OpenJDK Runtime Environment AdoptOpenJDK-16.0.1+9 (16.0.1+9) (build 16.0.1+9)
# Java VM: OpenJDK Client VM AdoptOpenJDK-16.0.1+9 (16.0.1+9, mixed mode, serial gc, windows-x86)
# Problematic frame:
# V  [jvm.dll+0x260156]
#
# No core dump will be written. Minidumps are not enabled by default on client versions of Windows
#
# If you would like to submit a bug report, please visit:
#   https://github.com/AdoptOpenJDK/openjdk-support/issues
#

---------------  S U M M A R Y ------------

Command Line: -Xss4m -Xms100m -Dmetals.client=vscode -Xmx1G scala.meta.metals.Main

Host: AMD Ryzen 5 2600X Six-Core Processor           , 12 cores, 15G,  Windows 10 , 64 bit Build 19041 (10.0.19041.292)
Time: Fri Mar 25 17:30:49 2022 Rom, normaltid elapsed time: 5294.144315 seconds (0d 1h 28m 14s)

---------------  T H R E A D  ---------------

Current thread (0x45572d08):  VMThread "VM Thread" [stack: 0x05120000,0x05170000] [id=16072]

Stack: [0x05120000,0x05170000],  sp=0x0516ec84,  free space=315k
Native frames: (J=compiled Java code, A=aot compiled Java code, j=interpreted, Vv=VM code, C=native code)
V  [jvm.dll+0x260156]


siginfo: EXCEPTION_ACCESS_VIOLATION (0xc0000005), reading address 0x00000060


Register to memory mapping:

EIP=0x66060156 jvm.dll
EAX=0x0516ecc4 points into unknown readable memory: 0x07d94f38 | 38 4f d9 07
EBX=0x00000012 is an unknown value
ECX=0x0516ecd4 points into unknown readable memory: 0x00000060 | 60 00 00 00
EDX=0x00000060 is an unknown value
ESP=0x0516ec84 points into unknown readable memory: 0x010e37d8 | d8 37 0e 01
EBP=0x0516ec88 points into unknown readable memory: 0x0516eccc | cc ec 16 05
ESI=0x0516ecd4 points into unknown readable memory: 0x00000060 | 60 00 00 00
EDI=0x082f0b18 is an oop: dotty.tools.dotc.core.SymDenotations$SymDenotation 
{0x082f0b18} - klass: 'dotty/tools/dotc/core/SymDenotations$SymDenotation'


Registers:
EAX=0x0516ecc4, EBX=0x00000012, ECX=0x0516ecd4, EDX=0x00000060
ESP=0x0516ec84, EBP=0x0516ec88, ESI=0x0516ecd4, EDI=0x082f0b18
EIP=0x66060156, EFLAGS=0x00010246

Top of Stack: (sp=0x0516ec84)
0x0516ec84:   010e37d8 0516eccc 65edf8c3 0516ecc4
0x0516ec94:   0516ee80 07d99e8c 07d99ea0 00000069
0x0516eca4:   00000069 0516ecd8 65edd8f9 010e3870
0x0516ecb4:   010e3870 0516ee80 0516ece7 45a8b6f8
0x0516ecc4:   07d94f38 010e37d8 0516ece8 65eddcee
0x0516ecd4:   00000060 55b14148 07d99e70 0000000c
0x0516ece4:   55b145e8 0516ed14 65ede52c 0516ee80
0x0516ecf4:   07d99e70 55b145e0 010e37d8 0516ee80 

Instructions: (pc=0x66060156)
0x66060056:   a3 38 86 29 66 5f 5e 5d c3 cc 83 3d f8 4b 2b 66
0x66060066:   00 74 2e 83 3d 44 86 29 66 00 75 04 33 c9 eb 0c
0x66060076:   8b 0d 3c 86 29 66 03 0d 38 86 29 66 a1 34 0e 2c
0x66060086:   66 03 c1 50 68 08 84 21 66 e8 bc d1 e7 ff 83 c4
0x66060096:   08 33 d2 39 15 34 0e 2c 66 76 17 a1 3c 0e 2c 66
0x660600a6:   8b 0c d0 8b 44 d0 04 42 89 01 3b 15 34 0e 2c 66
0x660600b6:   72 e9 8b 0d 44 86 29 66 85 c9 74 5a 56 57 eb 0a
0x660600c6:   8d a4 24 00 00 00 00 8d 49 00 a1 38 86 29 66 83
0x660600d6:   e8 01 a3 38 86 29 66 8b 3c 81 75 0a b9 28 86 29
0x660600e6:   66 e8 d4 02 e8 ff a1 14 86 29 66 8b 35 20 86 29
0x660600f6:   66 83 e8 01 a3 14 86 29 66 8b 34 86 75 0a b9 04
0x66060106:   86 29 66 e8 b2 02 e8 ff 89 37 8b 0d 44 86 29 66
0x66060116:   85 c9 75 b6 5f 5e c3 cc cc cc 55 8b ec 8b 45 08
0x66060126:   a3 40 0e 2c 66 a3 58 86 29 66 5d c3 cc cc cc cc
0x66060136:   cc cc cc cc cc cc cc cc cc cc 55 8b ec 56 8b f1
0x66060146:   8b 16 8b c2 d1 e8 a8 01 74 0f 83 f2 02 8b 45 08
0x66060156:   8b 0a 5e 89 08 5d c2 04 00 f6 c2 03 74 ef 52 68
0x66060166:   1c 84 21 66 6a 2b 68 30 84 21 66 e8 4a be e7 ff
0x66060176:   83 c4 10 e8 22 58 04 00 8b 45 08 8b 0e 5e 89 08
0x66060186:   5d c2 04 00 cc cc cc cc cc cc 55 8b ec 57 8b f9
0x66060196:   8b 17 8b ca 83 e1 03 83 f9 03 75 16 52 68 78 84
0x660601a6:   21 66 ff 75 08 e8 30 73 04 00 83 c4 0c 5f 5d c2
0x660601b6:   08 00 8b c2 d1 e8 56 a8 01 74 43 8b 75 08 52 68
0x660601c6:   88 84 21 66 56 e8 10 73 04 00 83 c4 0c 80 7d 0c
0x660601d6:   00 0f 84 e4 00 00 00 8b 0f 83 f1 02 75 14 68 9c
0x660601e6:   84 21 66 56 e8 f1 72 04 00 83 c4 08 5e 5f 5d c2
0x660601f6:   08 00 56 e8 d2 04 03 00 5e 5f 5d c2 08 00 83 f9
0x66060206:   01 74 17 52 68 c0 84 21 66 ff 75 08 e8 c9 72 04
0x66060216:   00 83 c4 0c 5e 5f 5d c2 08 00 8b 75 08 68 d0 84
0x66060226:   21 66 56 e8 b2 72 04 00 8b 07 83 c4 08 83 e0 07
0x66060236:   83 f8 01 75 2f 68 d8 84 21 66 56 e8 9a 72 04 00
0x66060246:   8b 07 83 c4 08 c1 e8 07 85 c0 75 07 68 e4 84 21 


Stack slot to memory mapping:
stack at sp + 0 slots: 0x010e37d8 points into unknown readable memory: 0x661e8e30 | 30 8e 1e 66
stack at sp + 1 slots: 0x0516eccc points into unknown readable memory: 0x0516ece8 | e8 ec 16 05
stack at sp + 2 slots: 0x65edf8c3 jvm.dll
stack at sp + 3 slots: 0x0516ecc4 points into unknown readable memory: 0x07d94f38 | 38 4f d9 07
stack at sp + 4 slots: 0x0516ee80 points into unknown readable memory: 0x661e8fac | ac 8f 1e 66
stack at sp + 5 slots: 0x07d99e8c is pointing into object: dotty.tools.dotc.core.Types$CachedTermRef 
{0x07d99e70} - klass: 'dotty/tools/dotc/core/Types$CachedTermRef'
stack at sp + 6 slots: 0x07d99ea0 is an oop: dotty.tools.dotc.ast.untpd$Modifiers 
{0x07d99ea0} - klass: 'dotty/tools/dotc/ast/untpd$Modifiers'
stack at sp + 7 slots: 0x00000069 is an unknown value

VM_Operation (0x4c94ec3c): GenCollectForAllocation, mode: safepoint, requested by thread 0x5416f1b8


---------------  P R O C E S S  ---------------

Threads class SMR info:
_java_thread_list=0x4d382290, length=28, elements={
0x010d0a58, 0x4557f008, 0x45580c20, 0x455a2a70,
0x455a3140, 0x455a34a8, 0x455a3810, 0x455ab3f0,
0x455ad170, 0x455a2038, 0x455a3b78, 0x48ec6db0,
0x48ec8220, 0x48ec8fc0, 0x48ec8588, 0x48ec88f0,
0x48ec8c58, 0x4d9d5de8, 0x4d9d6ef0, 0x4d9d64b8,
0x4d0e6f38, 0x54aa9010, 0x4d1d2db0, 0x54aa9378,
0x54aa96e0, 0x5447c510, 0x5447cbe0, 0x5416f1b8
}

Java Threads: ( => current thread )
  0x010d0a58 JavaThread "main" [_thread_blocked, id=8524, stack(0x02960000,0x02d60000)]
  0x4557f008 JavaThread "Reference Handler" daemon [_thread_blocked, id=12168, stack(0x46000000,0x46400000)]
  0x45580c20 JavaThread "Finalizer" daemon [_thread_blocked, id=14868, stack(0x46400000,0x46800000)]
  0x455a2a70 JavaThread "Signal Dispatcher" daemon [_thread_blocked, id=8184, stack(0x46910000,0x46d10000)]
  0x455a3140 JavaThread "Attach Listener" daemon [_thread_blocked, id=14548, stack(0x46d10000,0x47110000)]
  0x455a34a8 JavaThread "Service Thread" daemon [_thread_blocked, id=15352, stack(0x47150000,0x47550000)]
  0x455a3810 JavaThread "Monitor Deflation Thread" daemon [_thread_blocked, id=11140, stack(0x47590000,0x47990000)]
  0x455ab3f0 JavaThread "C1 CompilerThread0" daemon [_thread_blocked, id=14312, stack(0x479d0000,0x47a20000)]
  0x455ad170 JavaThread "Sweeper thread" daemon [_thread_blocked, id=4100, stack(0x47a60000,0x47e60000)]
  0x455a2038 JavaThread "Notification Thread" daemon [_thread_blocked, id=8628, stack(0x47ea0000,0x482a0000)]
  0x455a3b78 JavaThread "Common-Cleaner" daemon [_thread_blocked, id=15408, stack(0x48370000,0x48770000)]
  0x48ec6db0 JavaThread "pool-1-thread-1" [_thread_in_native, id=13472, stack(0x49c00000,0x4a000000)]
  0x48ec8220 JavaThread "ForkJoinPool.commonPool-worker-19" daemon [_thread_blocked, id=8424, stack(0x4e800000,0x4ec00000)]
  0x48ec8fc0 JavaThread "pool-2-thread-1" [_thread_blocked, id=12940, stack(0x4ec00000,0x4f000000)]
  0x48ec8588 JavaThread "H2 File Lock Watchdog C:/Users/Gamerpcen/Documents/Fagprojekt2022_Grp9/.metals/metals.lock.db" daemon [_thread_blocked, id=9960, stack(0x4f000000,0x4f400000)]
  0x48ec88f0 JavaThread "H2 TCP Server (tcp://localhost:55512)" daemon [_thread_in_native, id=15080, stack(0x4f400000,0x4f800000)]
  0x48ec8c58 JavaThread "MVStore background writer C:/Users/Gamerpcen/Documents/Fagprojekt2022_Grp9/.metals/metals.mv.db" daemon [_thread_blocked, id=15384, stack(0x4f840000,0x4fc40000)]
  0x4d9d5de8 JavaThread "H2-serialization" daemon [_thread_blocked, id=5700, stack(0x50500000,0x50900000)]
  0x4d9d6ef0 JavaThread "H2-save" daemon [_thread_blocked, id=13976, stack(0x51800000,0x51c00000)]
  0x4d9d64b8 JavaThread "bloop-server-background" daemon [_thread_in_native, id=14284, stack(0x53c00000,0x54000000)]
  0x4d0e6f38 JavaThread "pool-5-thread-1" [_thread_blocked, id=6456, stack(0x57940000,0x57d40000)]
  0x54aa9010 JavaThread "pool-1-thread-96" [_thread_blocked, id=15580, stack(0x4a000000,0x4a400000)]
  0x4d1d2db0 JavaThread "pool-1-thread-97" [_thread_blocked, id=14788, stack(0x4b090000,0x4b490000)]
  0x54aa9378 JavaThread "pool-1-thread-98" [_thread_blocked, id=16588, stack(0x4b490000,0x4b890000)]
  0x54aa96e0 JavaThread "pool-1-thread-99" [_thread_blocked, id=10176, stack(0x4b950000,0x4bd50000)]
  0x5447c510 JavaThread "pool-1-thread-100" [_thread_blocked, id=13684, stack(0x4bd50000,0x4c150000)]
  0x5447cbe0 JavaThread "pool-1-thread-101" [_thread_blocked, id=3320, stack(0x4c150000,0x4c550000)]
  0x5416f1b8 JavaThread "pool-1-thread-102" [_thread_blocked, id=15512, stack(0x4c550000,0x4c950000)]

Other Threads:
=>0x45572d08 VMThread "VM Thread" [stack: 0x05120000,0x05170000] [id=16072]
  0x45648190 WatcherThread [stack: 0x482e0000,0x48330000] [id=16012]

Threads with active compile tasks:

VM state: at safepoint (normal execution)

VM Mutex/Monitor currently owned by a thread:  ([mutex/lock_event])
[0x010cdbc8] Threads_lock - owner thread: 0x45572d08
[0x010ce258] Heap_lock - owner thread: 0x5416f1b8

GC Precious Log:
 CPUs: 12 total, 12 available
 Memory: 16320M
 Large Page Support: Disabled
 NUMA Support: Disabled
 Compressed Oops: Disabled
 Heap Min Capacity: 100M
 Heap Initial Capacity: 100M
 Heap Max Capacity: 1024M
 Pre-touch: Disabled

Heap:
 def new generation   total 48896K, used 45702K [0x05200000, 0x08700000, 0x1a750000)
  eden space 43520K, 100% used [0x05200000, 0x07c80000, 0x07c80000)
  from space 5376K,  40% used [0x081c0000, 0x083e1838, 0x08700000)
  to   space 5376K,  21% used [0x07c80000, 0x07da6150, 0x081c0000)
 tenured generation   total 108424K, used 79693K [0x1a750000, 0x21132000, 0x45200000)
   the space 108424K,  73% used [0x1a750000, 0x1f523690, 0x1f523800, 0x21132000)
 Metaspace       used 77266K, committed 77632K, reserved 81920K

Card table byte_map: [0x45200000,0x45410000] _byte_map_base: 0x451d7000

Polling page: 0x03040000

Metaspace:

Usage:
   75.46 MB used.

Virtual space:
     80.00 MB reserved,      75.81 MB ( 95%) committed,  10 nodes.

Chunk freelists:
108.00 KB

MaxMetaspaceSize: 4.00 GB

 - commit_granule_bytes: 65536.
 - commit_granule_words: 16384.
 - virtual_space_node_default_size: 2097152.
 - enlarge_chunks_in_place: 1.
 - new_chunks_are_fully_committed: 0.
 - uncommit_free_chunks: 1.
 - use_allocation_guard: 0.
 - handle_deallocations: 1.


Internal statistics:

num_allocs_failed_limit: 12.
num_arena_births: 420.
num_arena_deaths: 104.
num_vsnodes_births: 10.
num_vsnodes_deaths: 0.
num_space_committed: 1210.
num_space_uncommitted: 0.
num_chunks_returned_to_freelist: 178.
num_chunks_taken_from_freelist: 3086.
num_chunk_merges: 64.
num_chunk_splits: 2399.
num_chunks_enlarged: 2063.
num_purges: 2.

CodeCache: size=32768Kb used=17499Kb max_used=17499Kb free=15268Kb
 bounds [0x03060000, 0x04178000, 0x05060000]
 total_blobs=14020 nmethods=13722 adapters=229
 compilation: enabled
              stopped_count=0, restarted_count=0
 full_count=0

Compilation events (20 events):
Event: 5272.384 Thread 0x455ab3f0 13713             org.eclipse.lsp4j.jsonrpc.json.adapters.CollectionTypeAdapter::read (111 bytes)
Event: 5272.384 Thread 0x455ab3f0 nmethod 13713 0x041746c8 code [0x041748a0, 0x04174bf4]
Event: 5272.387 Thread 0x455ab3f0 13714             scala.collection.AbstractTraversable::collect (7 bytes)
Event: 5272.387 Thread 0x455ab3f0 nmethod 13714 0x04174dc8 code [0x04174ee0, 0x04174fac]
Event: 5273.318 Thread 0x455ab3f0 13715             scala.meta.Self$SelfImpl::_decltpe_$eq (6 bytes)
Event: 5273.318 Thread 0x455ab3f0 nmethod 13715 0x04175008 code [0x04175120, 0x041751e0]
Event: 5276.224 Thread 0x455ab3f0 13716             jdk.internal.reflect.UnsafeIntegerFieldAccessorImpl::set (136 bytes)
Event: 5276.225 Thread 0x455ab3f0 nmethod 13716 0x04175248 code [0x04175470, 0x04175bac]
Event: 5279.513 Thread 0x455ab3f0 13717             scala.meta.Template$TemplateImpl::_early_$eq (6 bytes)
Event: 5279.513 Thread 0x455ab3f0 nmethod 13717 0x04176088 code [0x041761a0, 0x04176260]
Event: 5279.513 Thread 0x455ab3f0 13718             scala.meta.Template$TemplateImpl::_stats_$eq (6 bytes)
Event: 5279.513 Thread 0x455ab3f0 nmethod 13718 0x041762c8 code [0x041763e0, 0x041764a0]
Event: 5279.954 Thread 0x455ab3f0 13719             scala.meta.Self$SelfImpl::_name_$eq (6 bytes)
Event: 5279.954 Thread 0x455ab3f0 nmethod 13719 0x04176508 code [0x04176620, 0x041766e0]
Event: 5279.956 Thread 0x455ab3f0 13720             scala.meta.Template$TemplateImpl::_inits_$eq (6 bytes)
Event: 5279.956 Thread 0x455ab3f0 nmethod 13720 0x04176748 code [0x04176860, 0x04176920]
Event: 5282.162 Thread 0x455ab3f0 13721             scala.meta.Init$InitImpl::_name_$eq (6 bytes)
Event: 5282.162 Thread 0x455ab3f0 nmethod 13721 0x04176988 code [0x04176aa0, 0x04176b60]
Event: 5282.164 Thread 0x455ab3f0 13722             scala.meta.Template$TemplateImpl::_self_$eq (6 bytes)
Event: 5282.164 Thread 0x455ab3f0 nmethod 13722 0x04176bc8 code [0x04176ce0, 0x04176da0]

GC Heap History (20 events):
Event: 4899.524 GC heap after
{Heap after GC invocations=266 (full 6):
 def new generation   total 48896K, used 2169K [0x05200000, 0x08700000, 0x1a750000)
  eden space 43520K,   0% used [0x05200000, 0x05200000, 0x07c80000)
  from space 5376K,  40% used [0x07c80000, 0x07e9e510, 0x081c0000)
  to   space 5376K,   0% used [0x081c0000, 0x081c0000, 0x08700000)
 tenured generation   total 108424K, used 79465K [0x1a750000, 0x21132000, 0x45200000)
   the space 108424K,  73% used [0x1a750000, 0x1f4ea5b8, 0x1f4ea600, 0x21132000)
 Metaspace       used 77264K, committed 77632K, reserved 81920K
}
Event: 5084.138 GC heap before
{Heap before GC invocations=266 (full 6):
 def new generation   total 48896K, used 45689K [0x05200000, 0x08700000, 0x1a750000)
  eden space 43520K, 100% used [0x05200000, 0x07c80000, 0x07c80000)
  from space 5376K,  40% used [0x07c80000, 0x07e9e510, 0x081c0000)
  to   space 5376K,   0% used [0x081c0000, 0x081c0000, 0x08700000)
 tenured generation   total 108424K, used 79465K [0x1a750000, 0x21132000, 0x45200000)
   the space 108424K,  73% used [0x1a750000, 0x1f4ea5b8, 0x1f4ea600, 0x21132000)
 Metaspace       used 77266K, committed 77632K, reserved 81920K
}
Event: 5084.142 GC heap after
{Heap after GC invocations=267 (full 6):
 def new generation   total 48896K, used 2330K [0x05200000, 0x08700000, 0x1a750000)
  eden space 43520K,   0% used [0x05200000, 0x05200000, 0x07c80000)
  from space 5376K,  43% used [0x081c0000, 0x084069f0, 0x08700000)
  to   space 5376K,   0% used [0x07c80000, 0x07c80000, 0x081c0000)
 tenured generation   total 108424K, used 79465K [0x1a750000, 0x21132000, 0x45200000)
   the space 108424K,  73% used [0x1a750000, 0x1f4ea5b8, 0x1f4ea600, 0x21132000)
 Metaspace       used 77266K, committed 77632K, reserved 81920K
}
Event: 5105.497 GC heap before
{Heap before GC invocations=267 (full 6):
 def new generation   total 48896K, used 45850K [0x05200000, 0x08700000, 0x1a750000)
  eden space 43520K, 100% used [0x05200000, 0x07c80000, 0x07c80000)
  from space 5376K,  43% used [0x081c0000, 0x084069f0, 0x08700000)
  to   space 5376K,   0% used [0x07c80000, 0x07c80000, 0x081c0000)
 tenured generation   total 108424K, used 79465K [0x1a750000, 0x21132000, 0x45200000)
   the space 108424K,  73% used [0x1a750000, 0x1f4ea5b8, 0x1f4ea600, 0x21132000)
 Metaspace       used 77266K, committed 77632K, reserved 81920K
}
Event: 5105.500 GC heap after
{Heap after GC invocations=268 (full 6):
 def new generation   total 48896K, used 2325K [0x05200000, 0x08700000, 0x1a750000)
  eden space 43520K,   0% used [0x05200000, 0x05200000, 0x07c80000)
  from space 5376K,  43% used [0x07c80000, 0x07ec54d8, 0x081c0000)
  to   space 5376K,   0% used [0x081c0000, 0x081c0000, 0x08700000)
 tenured generation   total 108424K, used 79470K [0x1a750000, 0x21132000, 0x45200000)
   the space 108424K,  73% used [0x1a750000, 0x1f4eb9f8, 0x1f4eba00, 0x21132000)
 Metaspace       used 77266K, committed 77632K, reserved 81920K
}
Event: 5128.042 GC heap before
{Heap before GC invocations=268 (full 6):
 def new generation   total 48896K, used 45845K [0x05200000, 0x08700000, 0x1a750000)
  eden space 43520K, 100% used [0x05200000, 0x07c80000, 0x07c80000)
  from space 5376K,  43% used [0x07c80000, 0x07ec54d8, 0x081c0000)
  to   space 5376K,   0% used [0x081c0000, 0x081c0000, 0x08700000)
 tenured generation   total 108424K, used 79470K [0x1a750000, 0x21132000, 0x45200000)
   the space 108424K,  73% used [0x1a750000, 0x1f4eb9f8, 0x1f4eba00, 0x21132000)
 Metaspace       used 77266K, committed 77632K, reserved 81920K
}
Event: 5128.046 GC heap after
{Heap after GC invocations=269 (full 6):
 def new generation   total 48896K, used 2330K [0x05200000, 0x08700000, 0x1a750000)
  eden space 43520K,   0% used [0x05200000, 0x05200000, 0x07c80000)
  from space 5376K,  43% used [0x081c0000, 0x08406b28, 0x08700000)
  to   space 5376K,   0% used [0x07c80000, 0x07c80000, 0x081c0000)
 tenured generation   total 108424K, used 79470K [0x1a750000, 0x21132000, 0x45200000)
   the space 108424K,  73% used [0x1a750000, 0x1f4eb9f8, 0x1f4eba00, 0x21132000)
 Metaspace       used 77266K, committed 77632K, reserved 81920K
}
Event: 5151.712 GC heap before
{Heap before GC invocations=269 (full 6):
 def new generation   total 48896K, used 45850K [0x05200000, 0x08700000, 0x1a750000)
  eden space 43520K, 100% used [0x05200000, 0x07c80000, 0x07c80000)
  from space 5376K,  43% used [0x081c0000, 0x08406b28, 0x08700000)
  to   space 5376K,   0% used [0x07c80000, 0x07c80000, 0x081c0000)
 tenured generation   total 108424K, used 79470K [0x1a750000, 0x21132000, 0x45200000)
   the space 108424K,  73% used [0x1a750000, 0x1f4eb9f8, 0x1f4eba00, 0x21132000)
 Metaspace       used 77266K, committed 77632K, reserved 81920K
}
Event: 5151.716 GC heap after
{Heap after GC invocations=270 (full 6):
 def new generation   total 48896K, used 2185K [0x05200000, 0x08700000, 0x1a750000)
  eden space 43520K,   0% used [0x05200000, 0x05200000, 0x07c80000)
  from space 5376K,  40% used [0x07c80000, 0x07ea2780, 0x081c0000)
  to   space 5376K,   0% used [0x081c0000, 0x081c0000, 0x08700000)
 tenured generation   total 108424K, used 79481K [0x1a750000, 0x21132000, 0x45200000)
   the space 108424K,  73% used [0x1a750000, 0x1f4ee608, 0x1f4ee800, 0x21132000)
 Metaspace       used 77266K, committed 77632K, reserved 81920K
}
Event: 5173.803 GC heap before
{Heap before GC invocations=270 (full 6):
 def new generation   total 48896K, used 45705K [0x05200000, 0x08700000, 0x1a750000)
  eden space 43520K, 100% used [0x05200000, 0x07c80000, 0x07c80000)
  from space 5376K,  40% used [0x07c80000, 0x07ea2780, 0x081c0000)
  to   space 5376K,   0% used [0x081c0000, 0x081c0000, 0x08700000)
 tenured generation   total 108424K, used 79481K [0x1a750000, 0x21132000, 0x45200000)
   the space 108424K,  73% used [0x1a750000, 0x1f4ee608, 0x1f4ee800, 0x21132000)
 Metaspace       used 77266K, committed 77632K, reserved 81920K
}
Event: 5173.807 GC heap after
{Heap after GC invocations=271 (full 6):
 def new generation   total 48896K, used 2161K [0x05200000, 0x08700000, 0x1a750000)
  eden space 43520K,   0% used [0x05200000, 0x05200000, 0x07c80000)
  from space 5376K,  40% used [0x081c0000, 0x083dc7b0, 0x08700000)
  to   space 5376K,   0% used [0x07c80000, 0x07c80000, 0x081c0000)
 tenured generation   total 108424K, used 79636K [0x1a750000, 0x21132000, 0x45200000)
   the space 108424K,  73% used [0x1a750000, 0x1f5151a0, 0x1f515200, 0x21132000)
 Metaspace       used 77266K, committed 77632K, reserved 81920K
}
Event: 5187.087 GC heap before
{Heap before GC invocations=271 (full 6):
 def new generation   total 48896K, used 45681K [0x05200000, 0x08700000, 0x1a750000)
  eden space 43520K, 100% used [0x05200000, 0x07c80000, 0x07c80000)
  from space 5376K,  40% used [0x081c0000, 0x083dc7b0, 0x08700000)
  to   space 5376K,   0% used [0x07c80000, 0x07c80000, 0x081c0000)
 tenured generation   total 108424K, used 79636K [0x1a750000, 0x21132000, 0x45200000)
   the space 108424K,  73% used [0x1a750000, 0x1f5151a0, 0x1f515200, 0x21132000)
 Metaspace       used 77266K, committed 77632K, reserved 81920K
}
Event: 5187.091 GC heap after
{Heap after GC invocations=272 (full 6):
 def new generation   total 48896K, used 2133K [0x05200000, 0x08700000, 0x1a750000)
  eden space 43520K,   0% used [0x05200000, 0x05200000, 0x07c80000)
  from space 5376K,  39% used [0x07c80000, 0x07e955b0, 0x081c0000)
  to   space 5376K,   0% used [0x081c0000, 0x081c0000, 0x08700000)
 tenured generation   total 108424K, used 79636K [0x1a750000, 0x21132000, 0x45200000)
   the space 108424K,  73% used [0x1a750000, 0x1f515268, 0x1f515400, 0x21132000)
 Metaspace       used 77266K, committed 77632K, reserved 81920K
}
Event: 5208.698 GC heap before
{Heap before GC invocations=272 (full 6):
 def new generation   total 48896K, used 45653K [0x05200000, 0x08700000, 0x1a750000)
  eden space 43520K, 100% used [0x05200000, 0x07c80000, 0x07c80000)
  from space 5376K,  39% used [0x07c80000, 0x07e955b0, 0x081c0000)
  to   space 5376K,   0% used [0x081c0000, 0x081c0000, 0x08700000)
 tenured generation   total 108424K, used 79636K [0x1a750000, 0x21132000, 0x45200000)
   the space 108424K,  73% used [0x1a750000, 0x1f515268, 0x1f515400, 0x21132000)
 Metaspace       used 77266K, committed 77632K, reserved 81920K
}
Event: 5208.701 GC heap after
{Heap after GC invocations=273 (full 6):
 def new generation   total 48896K, used 2205K [0x05200000, 0x08700000, 0x1a750000)
  eden space 43520K,   0% used [0x05200000, 0x05200000, 0x07c80000)
  from space 5376K,  41% used [0x081c0000, 0x083e7510, 0x08700000)
  to   space 5376K,   0% used [0x07c80000, 0x07c80000, 0x081c0000)
 tenured generation   total 108424K, used 79636K [0x1a750000, 0x21132000, 0x45200000)
   the space 108424K,  73% used [0x1a750000, 0x1f5152b8, 0x1f515400, 0x21132000)
 Metaspace       used 77266K, committed 77632K, reserved 81920K
}
Event: 5262.145 GC heap before
{Heap before GC invocations=273 (full 6):
 def new generation   total 48896K, used 45725K [0x05200000, 0x08700000, 0x1a750000)
  eden space 43520K, 100% used [0x05200000, 0x07c80000, 0x07c80000)
  from space 5376K,  41% used [0x081c0000, 0x083e7510, 0x08700000)
  to   space 5376K,   0% used [0x07c80000, 0x07c80000, 0x081c0000)
 tenured generation   total 108424K, used 79636K [0x1a750000, 0x21132000, 0x45200000)
   the space 108424K,  73% used [0x1a750000, 0x1f5152b8, 0x1f515400, 0x21132000)
 Metaspace       used 77266K, committed 77632K, reserved 81920K
}
Event: 5262.149 GC heap after
{Heap after GC invocations=274 (full 6):
 def new generation   total 48896K, used 2239K [0x05200000, 0x08700000, 0x1a750000)
  eden space 43520K,   0% used [0x05200000, 0x05200000, 0x07c80000)
  from space 5376K,  41% used [0x07c80000, 0x07eafc18, 0x081c0000)
  to   space 5376K,   0% used [0x081c0000, 0x081c0000, 0x08700000)
 tenured generation   total 108424K, used 79650K [0x1a750000, 0x21132000, 0x45200000)
   the space 108424K,  73% used [0x1a750000, 0x1f518b70, 0x1f518c00, 0x21132000)
 Metaspace       used 77266K, committed 77632K, reserved 81920K
}
Event: 5275.954 GC heap before
{Heap before GC invocations=274 (full 6):
 def new generation   total 48896K, used 45759K [0x05200000, 0x08700000, 0x1a750000)
  eden space 43520K, 100% used [0x05200000, 0x07c80000, 0x07c80000)
  from space 5376K,  41% used [0x07c80000, 0x07eafc18, 0x081c0000)
  to   space 5376K,   0% used [0x081c0000, 0x081c0000, 0x08700000)
 tenured generation   total 108424K, used 79650K [0x1a750000, 0x21132000, 0x45200000)
   the space 108424K,  73% used [0x1a750000, 0x1f518b70, 0x1f518c00, 0x21132000)
 Metaspace       used 77266K, committed 77632K, reserved 81920K
}
Event: 5275.958 GC heap after
{Heap after GC invocations=275 (full 6):
 def new generation   total 48896K, used 2182K [0x05200000, 0x08700000, 0x1a750000)
  eden space 43520K,   0% used [0x05200000, 0x05200000, 0x07c80000)
  from space 5376K,  40% used [0x081c0000, 0x083e1838, 0x08700000)
  to   space 5376K,   0% used [0x07c80000, 0x07c80000, 0x081c0000)
 tenured generation   total 108424K, used 79693K [0x1a750000, 0x21132000, 0x45200000)
   the space 108424K,  73% used [0x1a750000, 0x1f523690, 0x1f523800, 0x21132000)
 Metaspace       used 77266K, committed 77632K, reserved 81920K
}
Event: 5294.132 GC heap before
{Heap before GC invocations=275 (full 6):
 def new generation   total 48896K, used 45702K [0x05200000, 0x08700000, 0x1a750000)
  eden space 43520K, 100% used [0x05200000, 0x07c80000, 0x07c80000)
  from space 5376K,  40% used [0x081c0000, 0x083e1838, 0x08700000)
  to   space 5376K,   0% used [0x07c80000, 0x07c80000, 0x081c0000)
 tenured generation   total 108424K, used 79693K [0x1a750000, 0x21132000, 0x45200000)
   the space 108424K,  73% used [0x1a750000, 0x1f523690, 0x1f523800, 0x21132000)
 Metaspace       used 77266K, committed 77632K, reserved 81920K
}

Deoptimization events (14 events):
Event: 0.359 Thread 0x010d0a58 DEOPT PACKING pc=0x03112940 sp=0x02d5cac0
Event: 0.359 Thread 0x010d0a58 DEOPT UNPACKING pc=0x0309f1d1 sp=0x02d5c9c0 mode 3
Event: 3.011 Thread 0x48ec6db0 DEOPT PACKING pc=0x031a2833 sp=0x49ffe7b0
Event: 3.011 Thread 0x48ec6db0 DEOPT UNPACKING pc=0x0309f1d1 sp=0x49ffe630 mode 3
Event: 6.695 Thread 0x48ec6db0 DEOPT PACKING pc=0x0316cdd8 sp=0x49ffc420
Event: 6.695 Thread 0x48ec6db0 DEOPT UNPACKING pc=0x0309f1d1 sp=0x49ffc2e4 mode 0
Event: 10.211 Thread 0x48ec6db0 DEOPT PACKING pc=0x032bd481 sp=0x49ffd640
Event: 10.211 Thread 0x48ec6db0 DEOPT UNPACKING pc=0x0309f1d1 sp=0x49ffd514 mode 3
Event: 19.553 Thread 0x4d0e6f38 DEOPT PACKING pc=0x03114f59 sp=0x57d3d180
Event: 19.553 Thread 0x4d0e6f38 DEOPT UNPACKING pc=0x0309f1d1 sp=0x57d3d0a0 mode 3
Event: 2588.363 Thread 0x4d0e6f38 DEOPT PACKING pc=0x03cb71c0 sp=0x57d3e590
Event: 2588.363 Thread 0x4d0e6f38 DEOPT UNPACKING pc=0x0309f1d1 sp=0x57d3e420 mode 0
Event: 2588.363 Thread 0x4d0e6f38 DEOPT PACKING pc=0x038d1a78 sp=0x57d3eb10
Event: 2588.363 Thread 0x4d0e6f38 DEOPT UNPACKING pc=0x0309f1d1 sp=0x57d3e9c4 mode 0

Classes unloaded (20 events):
Event: 2597.471 Thread 0x45572d08 Unloading class 0x55595b00 'java/lang/invoke/LambdaForm$MH+0x55595b00'
Event: 2597.471 Thread 0x45572d08 Unloading class 0x555952d0 'java/lang/invoke/LambdaForm$MH+0x555952d0'
Event: 2597.471 Thread 0x45572d08 Unloading class 0x55594aa8 'java/lang/invoke/LambdaForm$MH+0x55594aa8'
Event: 2597.471 Thread 0x45572d08 Unloading class 0x55594270 'java/lang/invoke/LambdaForm$MH+0x55594270'
Event: 2597.471 Thread 0x45572d08 Unloading class 0x4e1b8b00 'java/lang/invoke/LambdaForm$MH+0x4e1b8b00'
Event: 2597.471 Thread 0x45572d08 Unloading class 0x4e1b82e0 'java/lang/invoke/LambdaForm$MH+0x4e1b82e0'
Event: 2597.471 Thread 0x45572d08 Unloading class 0x4e1b3aa8 'java/lang/invoke/LambdaForm$MH+0x4e1b3aa8'
Event: 2597.471 Thread 0x45572d08 Unloading class 0x4e1b3270 'java/lang/invoke/LambdaForm$MH+0x4e1b3270'
Event: 2597.471 Thread 0x45572d08 Unloading class 0x4a8a93a8 'java/lang/invoke/LambdaForm$MH+0x4a8a93a8'
Event: 2597.471 Thread 0x45572d08 Unloading class 0x4a8a8380 'java/lang/invoke/LambdaForm$MH+0x4a8a8380'
Event: 2597.471 Thread 0x45572d08 Unloading class 0x4a8a7b58 'java/lang/invoke/LambdaForm$MH+0x4a8a7b58'
Event: 2597.471 Thread 0x45572d08 Unloading class 0x4a8a7320 'java/lang/invoke/LambdaForm$MH+0x4a8a7320'
Event: 2597.471 Thread 0x45572d08 Unloading class 0x4a8a62f8 'java/lang/invoke/LambdaForm$MH+0x4a8a62f8'
Event: 2597.471 Thread 0x45572d08 Unloading class 0x4a8a5ad0 'java/lang/invoke/LambdaForm$MH+0x4a8a5ad0'
Event: 2597.471 Thread 0x45572d08 Unloading class 0x4a8a52a8 'java/lang/invoke/LambdaForm$MH+0x4a8a52a8'
Event: 2597.471 Thread 0x45572d08 Unloading class 0x4a8a4270 'java/lang/invoke/LambdaForm$MH+0x4a8a4270'
Event: 2597.471 Thread 0x45572d08 Unloading class 0x4a638280 'java/lang/invoke/LambdaForm$DMH+0x4a638280'
Event: 2597.471 Thread 0x45572d08 Unloading class 0x4985c3f8 'jdk/internal/reflect/GeneratedConstructorAccessor1'
Event: 2597.471 Thread 0x45572d08 Unloading class 0x49480280 'java/lang/invoke/LambdaForm$DMH+0x49480280'
Event: 2597.471 Thread 0x45572d08 Unloading class 0x45e15280 'java/lang/invoke/LambdaForm$DMH+0x45e15280'

Classes redefined (0 events):
No events

Internal exceptions (20 events):
Event: 215.668 Thread 0x4d0e6f38 Exception <a 'java/lang/NoSuchMethodError'{0x06395ca0}: 'java.lang.Object java.lang.invoke.Invokers$Holder.linkToTargetMethod(java.lang.Object, java.lang.Object, int, java.lang.Object, java.lang.Object, java.lang.Object)'> (0x06395ca0) 
thrown [e:\jenkins\tmp\workspace\build\src\src\hotspot\share\interpreter\linkResolver.cpp, line 790]
Event: 2585.576 Thread 0x4d3e4668 Exception <a 'java/lang/NoSuchMethodError'{0x05597208}: 'java.lang.Object java.lang.invoke.DirectMethodHandle$Holder.invokeStatic(java.lang.Object, java.lang.Object, java.lang.Object, java.lang.Object, java.lang.Object, int, java.lang.Object)'> (0x05597208) 
thrown [e:\jenkins\tmp\workspace\build\src\src\hotspot\share\interpreter\linkResolver.cpp, line 790]
Event: 2585.577 Thread 0x4d3e4668 Exception <a 'java/lang/NoSuchMethodError'{0x055c4cc0}: 'java.lang.Object java.lang.invoke.DirectMethodHandle$Holder.newInvokeSpecial(java.lang.Object, java.lang.Object, java.lang.Object, java.lang.Object, java.lang.Object, int)'> (0x055c4cc0) 
thrown [e:\jenkins\tmp\workspace\build\src\src\hotspot\share\interpreter\linkResolver.cpp, line 790]
Event: 2585.577 Thread 0x4d3e4668 Exception <a 'java/lang/NoSuchMethodError'{0x055c8990}: 'java.lang.Object java.lang.invoke.DirectMethodHandle$Holder.invokeSpecial(java.lang.Object, java.lang.Object, java.lang.Object, java.lang.Object, java.lang.Object, java.lang.Object, int)'> (0x055c8990) 
thrown [e:\jenkins\tmp\workspace\build\src\src\hotspot\share\interpreter\linkResolver.cpp, line 790]
Event: 2585.577 Thread 0x4d3e4668 Exception <a 'java/lang/NoSuchMethodError'{0x055cc4d8}: 'java.lang.Object java.lang.invoke.Invokers$Holder.linkToTargetMethod(java.lang.Object, java.lang.Object, java.lang.Object, java.lang.Object, int, java.lang.Object)'> (0x055cc4d8) 
thrown [e:\jenkins\tmp\workspace\build\src\src\hotspot\share\interpreter\linkResolver.cpp, line 790]
Event: 2587.867 Thread 0x4d0e6f38 Exception <a 'java/lang/NoSuchMethodError'{0x05f899b8}: 'int java.lang.invoke.DirectMethodHandle$Holder.invokeSpecialIFC(java.lang.Object, java.lang.Object, java.lang.Object, java.lang.Object, java.lang.Object, java.lang.Object)'> (0x05f899b8) 
thrown [e:\jenkins\tmp\workspace\build\src\src\hotspot\share\interpreter\linkResolver.cpp, line 790]
Event: 2587.869 Thread 0x4d0e6f38 Exception <a 'java/lang/NoSuchMethodError'{0x05fa72e8}: 'int java.lang.invoke.DirectMethodHandle$Holder.invokeSpecialIFC(java.lang.Object, java.lang.Object, java.lang.Object, java.lang.Object, java.lang.Object)'> (0x05fa72e8) 
thrown [e:\jenkins\tmp\workspace\build\src\src\hotspot\share\interpreter\linkResolver.cpp, line 790]
Event: 2587.882 Thread 0x4d0e6f38 Exception <a 'java/lang/NoSuchMethodError'{0x0602fee8}: 'void java.lang.invoke.DirectMethodHandle$Holder.invokeSpecial(java.lang.Object, java.lang.Object, java.lang.Object, java.lang.Object, java.lang.Object, java.lang.Object, java.lang.Object, java.lang.Object)'> (0x0602fee8) 
thrown [e:\jenkins\tmp\workspace\build\src\src\hotspot\share\interpreter\linkResolver.cpp, line 790]
Event: 2587.883 Thread 0x4d0e6f38 Exception <a 'java/lang/NoSuchMethodError'{0x06046640}: 'void java.lang.invoke.DirectMethodHandle$Holder.invokeSpecialIFC(java.lang.Object, java.lang.Object, java.lang.Object, java.lang.Object, java.lang.Object, java.lang.Object, java.lang.Object, java.lang.Object)'> (0x06046640) 
thrown [e:\jenkins\tmp\workspace\build\src\src\hotspot\share\interpreter\linkResolver.cpp, line 790]
Event: 2587.895 Thread 0x4d0e6f38 Exception <a 'java/lang/NoSuchMethodError'{0x060a72b8}: 'void java.lang.invoke.DirectMethodHandle$Holder.invokeSpecialIFC(java.lang.Object, java.lang.Object, java.lang.Object, java.lang.Object, java.lang.Object, java.lang.Object, java.lang.Object, java.lang.Object, java.lang.Object)'> (0x060a72b8) 
thrown [e:\jenkins\tmp\workspace\build\src\src\hotspot\share\interpreter\linkResolver.cpp, line 790]
Event: 2642.652 Thread 0x4d0e6f38 Exception <a 'java/lang/NoSuchMethodError'{0x06ad9518}: 'java.lang.Object java.lang.invoke.DirectMethodHandle$Holder.newInvokeSpecial(java.lang.Object, java.lang.Object, java.lang.Object, java.lang.Object, java.lang.Object, int, int)'> (0x06ad9518) 
thrown [e:\jenkins\tmp\workspace\build\src\src\hotspot\share\interpreter\linkResolver.cpp, line 790]
Event: 2642.652 Thread 0x4d0e6f38 Exception <a 'java/lang/NoSuchMethodError'{0x06ae0db0}: 'java.lang.Object java.lang.invoke.Invokers$Holder.linkToTargetMethod(java.lang.Object, java.lang.Object, java.lang.Object, java.lang.Object, int, int, java.lang.Object)'> (0x06ae0db0) 
thrown [e:\jenkins\tmp\workspace\build\src\src\hotspot\share\interpreter\linkResolver.cpp, line 790]
Event: 2642.711 Thread 0x4d0e6f38 Exception <a 'sun/nio/fs/WindowsException'{0x0786fe48}> (0x0786fe48) 
thrown [e:\jenkins\tmp\workspace\build\src\src\hotspot\share\prims\jni.cpp, line 579]
Event: 2642.711 Thread 0x4d0e6f38 Exception <a 'sun/nio/fs/WindowsException'{0x078703f0}> (0x078703f0) 
thrown [e:\jenkins\tmp\workspace\build\src\src\hotspot\share\prims\jni.cpp, line 579]
Event: 2642.712 Thread 0x4d0e6f38 Exception <a 'sun/nio/fs/WindowsException'{0x07870b78}> (0x07870b78) 
thrown [e:\jenkins\tmp\workspace\build\src\src\hotspot\share\prims\jni.cpp, line 579]
Event: 2670.520 Thread 0x4d0e6f38 Exception <a 'java/lang/NoSuchMethodError'{0x054eac10}: 'int java.lang.invoke.DirectMethodHandle$Holder.invokeSpecial(java.lang.Object, java.lang.Object, java.lang.Object, int)'> (0x054eac10) 
thrown [e:\jenkins\tmp\workspace\build\src\src\hotspot\share\interpreter\linkResolver.cpp, line 790]
Event: 2962.185 Thread 0x4d0e6f38 Exception <a 'java/lang/NoSuchMethodError'{0x076378c0}: 'java.lang.Object java.lang.invoke.DirectMethodHandle$Holder.newInvokeSpecial(java.lang.Object, java.lang.Object, java.lang.Object, java.lang.Object, java.lang.Object, java.lang.Object, java.lang.Object, java.lang.Object, java.lang.Object, java.lang.Object)'> (0x076378c0) 
thrown [e:\jenkins\tmp\workspace\build\src\src\hotspot\share\interpreter\linkResolver.cpp, line 790]
Event: 2962.186 Thread 0x4d0e6f38 Exception <a 'java/lang/NoSuchMethodError'{0x0763c928}: 'java.lang.Object java.lang.invoke.DirectMethodHandle$Holder.invokeSpecial(java.lang.Object, java.lang.Object, java.lang.Object, java.lang.Object, java.lang.Object, java.lang.Object, java.lang.Object, java.lang.Object, java.lang.Object, java.lang.Object, java.lang.Object)'> (0x0763c928) 
thrown [e:\jenkins\tmp\workspace\build\src\src\hotspot\share\interpreter\linkResolver.cpp, line 790]
Event: 2962.186 Thread 0x4d0e6f38 Exception <a 'java/lang/NoSuchMethodError'{0x07640a50}: 'java.lang.Object java.lang.invoke.Invokers$Holder.linkToTargetMethod(java.lang.Object, java.lang.Object, java.lang.Object, java.lang.Object, java.lang.Object, java.lang.Object, java.lang.Object, java.lang.Object, java.lang.Object, java.lang.Object)'> (0x07640a50) 
thrown [e:\jenkins\tmp\workspace\build\src\src\hotspot\share\interpreter\linkResolver.cpp, line 790]
Event: 3749.253 Thread 0x4d0e6f38 Exception <a 'java/lang/NoSuchMethodError'{0x0701b250}: 'java.lang.Object java.lang.invoke.DirectMethodHandle$Holder.invokeStatic(java.lang.Object, int, int, java.lang.Object)'> (0x0701b250) 
thrown [e:\jenkins\tmp\workspace\build\src\src\hotspot\share\interpreter\linkResolver.cpp, line 790]

Events (20 events):
Event: 5185.869 Executing  VM operation: Cleanup done
Event: 5187.087 Executing  VM operation: GenCollectForAllocation
Event: 5187.091 Executing  VM operation: GenCollectForAllocation done
Event: 5208.697 Executing  VM operation: GenCollectForAllocation
Event: 5208.701 Executing  VM operation: GenCollectForAllocation done
Event: 5213.722 Executing  VM operation: Cleanup
Event: 5213.722 Executing  VM operation: Cleanup done
Event: 5259.140 Executing  VM operation: Cleanup
Event: 5259.140 Executing  VM operation: Cleanup done
Event: 5262.145 Executing  VM operation: GenCollectForAllocation
Event: 5262.149 Executing  VM operation: GenCollectForAllocation done
Event: 5272.226 Executing  VM operation: Cleanup
Event: 5272.227 Executing  VM operation: Cleanup done
Event: 5273.231 Executing  VM operation: Cleanup
Event: 5273.232 Executing  VM operation: Cleanup done
Event: 5275.954 Executing  VM operation: GenCollectForAllocation
Event: 5275.958 Executing  VM operation: GenCollectForAllocation done
Event: 5276.969 Executing  VM operation: Cleanup
Event: 5276.970 Executing  VM operation: Cleanup done
Event: 5294.132 Executing  VM operation: GenCollectForAllocation


Dynamic libraries:
0x00380000 - 0x0038c000 	C:\Program Files\AdoptOpenJDK\jdk-16.0.1+9\bin\java.exe
0x77650000 - 0x777f3000 	C:\Windows\SYSTEM32\ntdll.dll
0x77550000 - 0x77640000 	C:\Windows\System32\KERNEL32.DLL
0x76b40000 - 0x76d53000 	C:\Windows\System32\KERNELBASE.dll
0x73f80000 - 0x7401f000 	C:\Windows\SYSTEM32\apphelp.dll
0x771a0000 - 0x772c0000 	C:\Windows\System32\ucrtbase.dll
0x72e30000 - 0x72e44000 	C:\Program Files\AdoptOpenJDK\jdk-16.0.1+9\bin\VCRUNTIME140.dll
0x66a90000 - 0x66aa4000 	C:\Program Files\AdoptOpenJDK\jdk-16.0.1+9\bin\jli.dll
0x762f0000 - 0x76483000 	C:\Windows\System32\USER32.dll
0x75320000 - 0x75530000 	C:\Windows\WinSxS\x86_microsoft.windows.common-controls_6595b64144ccf1df_6.0.19041.1_none_fd031af45b0106f2\COMCTL32.dll
0x76140000 - 0x76158000 	C:\Windows\System32\win32u.dll
0x75df0000 - 0x75eaf000 	C:\Windows\System32\msvcrt.dll
0x76720000 - 0x76743000 	C:\Windows\System32\GDI32.dll
0x76750000 - 0x7682a000 	C:\Windows\System32\gdi32full.dll
0x76920000 - 0x7699b000 	C:\Windows\System32\msvcp_win.dll
0x768f0000 - 0x76915000 	C:\Windows\System32\IMM32.DLL
0x66a10000 - 0x66a81000 	C:\Program Files\AdoptOpenJDK\jdk-16.0.1+9\bin\msvcp140.dll
0x65e00000 - 0x6631c000 	C:\Program Files\AdoptOpenJDK\jdk-16.0.1+9\bin\client\jvm.dll
0x76a40000 - 0x76ab9000 	C:\Windows\System32\ADVAPI32.dll
0x760c0000 - 0x76135000 	C:\Windows\System32\sechost.dll
0x76170000 - 0x7622a000 	C:\Windows\System32\RPCRT4.dll
0x76290000 - 0x76296000 	C:\Windows\System32\PSAPI.DLL
0x73ca0000 - 0x73ca8000 	C:\Windows\SYSTEM32\VERSION.dll
0x73cf0000 - 0x73d18000 	C:\Windows\SYSTEM32\WINMM.dll
0x74770000 - 0x74778000 	C:\Windows\SYSTEM32\WSOCK32.dll
0x77430000 - 0x77493000 	C:\Windows\System32\WS2_32.dll
0x74cd0000 - 0x74cdf000 	C:\Windows\SYSTEM32\kernel.appcore.dll
0x66a00000 - 0x66a09000 	C:\Program Files\AdoptOpenJDK\jdk-16.0.1+9\bin\jimage.dll
0x73320000 - 0x734a8000 	C:\Windows\SYSTEM32\DBGHELP.DLL
0x669d0000 - 0x669f6000 	C:\Windows\SYSTEM32\dbgcore.DLL
0x76830000 - 0x7688c000 	C:\Windows\System32\bcryptPrimitives.dll
0x669a0000 - 0x669c1000 	C:\Program Files\AdoptOpenJDK\jdk-16.0.1+9\bin\java.dll
0x755c0000 - 0x75b70000 	C:\Windows\System32\SHELL32.dll
0x74d10000 - 0x75318000 	C:\Windows\SYSTEM32\windows.storage.dll
0x75b70000 - 0x75df0000 	C:\Windows\System32\combase.dll
0x74ce0000 - 0x74d04000 	C:\Windows\SYSTEM32\Wldp.dll
0x774c0000 - 0x77547000 	C:\Windows\System32\SHCORE.dll
0x75f70000 - 0x75fb5000 	C:\Windows\System32\shlwapi.dll
0x74b60000 - 0x74b78000 	C:\Windows\SYSTEM32\profapi.dll
0x66980000 - 0x66994000 	C:\Program Files\AdoptOpenJDK\jdk-16.0.1+9\bin\net.dll
0x73100000 - 0x731c2000 	C:\Windows\SYSTEM32\WINHTTP.dll
0x736b0000 - 0x73702000 	C:\Windows\system32\mswsock.dll
0x66970000 - 0x6697f000 	C:\Program Files\AdoptOpenJDK\jdk-16.0.1+9\bin\nio.dll
0x65de0000 - 0x65df4000 	C:\Program Files\AdoptOpenJDK\jdk-16.0.1+9\bin\zip.dll
0x69670000 - 0x69683000 	C:\Windows\SYSTEM32\CRYPTSP.dll
0x69260000 - 0x6928f000 	C:\Windows\system32\rsaenh.dll
0x76570000 - 0x76589000 	C:\Windows\System32\bcrypt.dll
0x74490000 - 0x744b5000 	C:\Windows\SYSTEM32\USERENV.dll
0x730a0000 - 0x730aa000 	C:\Windows\SYSTEM32\CRYPTBASE.dll
0x73710000 - 0x73742000 	C:\Windows\SYSTEM32\IPHLPAPI.DLL
0x76160000 - 0x76167000 	C:\Windows\System32\NSI.dll
0x6a650000 - 0x6a664000 	C:\Windows\SYSTEM32\dhcpcsvc6.DLL
0x6ac10000 - 0x6ac26000 	C:\Windows\SYSTEM32\dhcpcsvc.DLL
0x73620000 - 0x736b0000 	C:\Windows\SYSTEM32\DNSAPI.dll
0x62ad0000 - 0x62add000 	C:\Program Files\AdoptOpenJDK\jdk-16.0.1+9\bin\verify.dll
0x74020000 - 0x74028000 	C:\Windows\System32\rasadhlp.dll
0x665c0000 - 0x66618000 	C:\Windows\System32\fwpuclnt.dll
0x64b00000 - 0x64b0b000 	C:\Program Files\AdoptOpenJDK\jdk-16.0.1+9\bin\sunmscapi.dll
0x75fc0000 - 0x760bf000 	C:\Windows\System32\CRYPT32.dll
0x6ab90000 - 0x6abb1000 	C:\Windows\SYSTEM32\ncrypt.dll
0x6a870000 - 0x6a898000 	C:\Windows\SYSTEM32\NTASN1.dll
0x65d70000 - 0x65d76000 	C:\Windows\system32\wshunix.dll

dbghelp: loaded successfully - version: 4.0.5 - missing functions: none
symbol engine: initialized successfully - sym options: 0x614 - pdb path: .;C:\Program Files\AdoptOpenJDK\jdk-16.0.1+9\bin;C:\Windows\SYSTEM32;C:\Windows\WinSxS\x86_microsoft.windows.common-controls_6595b64144ccf1df_6.0.19041.1_none_fd031af45b0106f2;C:\Program Files\AdoptOpenJDK\jdk-16.0.1+9\bin\client

VM Arguments:
jvm_args: -Xss4m -Xms100m -Dmetals.client=vscode -Xmx1G 
java_command: scala.meta.metals.Main
java_class_path (initial): C:\Users\Gamerpcen\AppData\Local\Coursier\cache\v1\https\repo1.maven.org\maven2\org\scalameta\metals_2.12\0.11.2\metals_2.12-0.11.2.jar;C:\Users\Gamerpcen\AppData\Local\Coursier\cache\v1\https\repo1.maven.org\maven2\org\scala-lang\scala-library\2.12.15\scala-library-2.12.15.jar;C:\Users\Gamerpcen\AppData\Local\Coursier\cache\v1\https\repo1.maven.org\maven2\org\scalameta\mtags_2.12.15\0.11.2\mtags_2.12.15-0.11.2.jar;C:\Users\Gamerpcen\AppData\Local\Coursier\cache\v1\https\repo1.maven.org\maven2\com\google\guava\guava\31.1-jre\guava-31.1-jre.jar;C:\Users\Gamerpcen\AppData\Local\Coursier\cache\v1\https\repo1.maven.org\maven2\com\geirsson\metaconfig-core_2.12\0.10.0\metaconfig-core_2.12-0.10.0.jar;C:\Users\Gamerpcen\AppData\Local\Coursier\cache\v1\https\repo1.maven.org\maven2\org\openjdk\jol\jol-core\0.16\jol-core-0.16.jar;C:\Users\Gamerpcen\AppData\Local\Coursier\cache\v1\https\repo1.maven.org\maven2\com\swoval\file-tree-views\2.1.8\file-tree-views-2.1.8.jar;C:\Users\Gamerpcen\AppData\Local\Coursier\cache\v1\https\repo1.maven.org\maven2\io\undertow\undertow-core\2.2.16.Final\undertow-core-2.2.16.Final.jar;C:\Users\Gamerpcen\AppData\Local\Coursier\cache\v1\https\repo1.maven.org\maven2\org\jboss\xnio\xnio-nio\3.8.6.Final\xnio-nio-3.8.6.Final.jar;C:\Users\Gamerpcen\AppData\Local\Coursier\cache\v1\https\repo1.maven.org\maven2\org\flywaydb\flyway-core\8.5.1\flyway-core-8.5.1.jar;C:\Users\Gamerpcen\AppData\Local\Coursier\cache\v1\https\repo1.maven.org\maven2\com\h2database\h2\2.0.206\h2-2.0.206.jar;C:\Users\Gamerpcen\AppData\Local\Coursier\cache\v1\https\repo1.maven.org\maven2\org\scala-sbt\ipcsocket\ipcsocket\1.4.0\ipcsocket-1.4.0.jar;C:\Users\Gamerpcen\AppData\Local\Coursier\cache\v1\https\repo1.maven.org\maven2\ch\epfl\scala\bsp4j\2.0.0-M15\bsp4j-2.0.0-M15.jar;C:\Users\Gamerpcen\AppData\Local\Coursier\cache\v1\https\repo1.maven.org\maven2\ch\epfl\scala\bloop-launcher_2.12\1.4.13\bloop-launcher_2.12-1.4.13.jar;C:\Users\Gamerpcen\AppData\Local\C
Launcher Type: SUN_STANDARD

[Global flags]
   size_t InitialHeapSize                          = 104857600                                 {product} {command line}
   size_t MaxHeapSize                              = 1073741824                                {product} {command line}
   size_t MaxNewSize                               = 357892096                                 {product} {ergonomic}
   size_t MinHeapDeltaBytes                        = 131072                                    {product} {ergonomic}
   size_t MinHeapSize                              = 104857600                                 {product} {command line}
   size_t NewSize                                  = 34930688                                  {product} {ergonomic}
    uintx NonProfiledCodeHeapSize                  = 0                                      {pd product} {ergonomic}
   size_t OldSize                                  = 69926912                                  {product} {ergonomic}
    uintx ProfiledCodeHeapSize                     = 0                                      {pd product} {ergonomic}
   size_t SoftMaxHeapSize                          = 1073741824                             {manageable} {ergonomic}
     intx ThreadStackSize                          = 4096                                   {pd product} {command line}
     bool UseLargePagesIndividualAllocation        = false                                  {pd product} {ergonomic}
     bool UseSerialGC                              = true                                      {product} {ergonomic}

Logging:
Log output configuration:
 #0: stdout all=warning uptime,level,tags
 #1: stderr all=off uptime,level,tags

Environment Variables:
JAVA_HOME=C:\Program Files\AdoptOpenJDK\jdk-16.0.1+9
PATH=C:\Program Files\AdoptOpenJDK\jdk-8.0.282.8-hotspot\bin;C:\Windows\system32;C:\Windows;C:\Windows\System32\Wbem;C:\Windows\System32\WindowsPowerShell\v1.0\;C:\Windows\System32\OpenSSH\;C:\Program Files (x86)\NVIDIA Corporation\PhysX\Common;C:\Program Files\dotnet\;C:\Program Files (x86)\sbt\bin;C:\Program Files\Git\cmd;C:\MinGW\bin;C:\Program Files\AdoptOpenJDK\jdk-16.0.1+9\bin;C:\Program Files (x86)\Calibre2\;C:\Program Files\Inkscape\bin;C:\Users\Gamerpcen\AppData\Local\Microsoft\WindowsApps;C:\Users\Gamerpcen\.dotnet\tools;C:\MinGW\bin;C:\Users\Gamerpcen\AppData\Local\Programs\Microsoft VS Code\bin;C:\Users\Gamerpcen\AppData\Local\GitHubDesktop\bin
USERNAME=Gamerpcen
OS=Windows_NT
PROCESSOR_IDENTIFIER=AMD64 Family 23 Model 8 Stepping 2, AuthenticAMD



---------------  S Y S T E M  ---------------

OS:
 Windows 10 , 64 bit Build 19041 (10.0.19041.292)
OS uptime: 0 days 2:19 hours

CPU: total 12 (initial active 12) (12 cores per cpu, 2 threads per core) family 23 model 8 stepping 2 microcode 0x0, cx8, cmov, fxsr, ht, mmx, 3dnowpref, sse, sse2, sse3, ssse3, sse4a, sse4.1, sse4.2, popcnt, lzcnt, tsc, tscinvbit, avx, avx2, aes, clmul, bmi1, bmi2, adx, sha, fma, vzeroupper, clflush, clflushopt

Memory: 4k page, system-wide physical 16320M (5206M free)
TotalPageFile size 24293M (AvailPageFile size 4972M), user-mode portion of virtual address-space 2047M (663M free)
current process WorkingSet (physical memory assigned to process): 278M, peak: 278M
current process commit charge ("private bytes"): 300M, peak: 300M

vm_info: OpenJDK Client VM (16.0.1+9) for windows-x86 JRE (16.0.1+9), built on Apr 21 2021 12:07:23 by "" with MS VC++ 16.7 (VS2019)

END.
