#
# A fatal error has been detected by the Java Runtime Environment:
#
#  EXCEPTION_ACCESS_VIOLATION (0xc0000005) at pc=0x5bd16028, pid=13756, tid=14216
#
# JRE version: OpenJDK Runtime Environment AdoptOpenJDK-16.0.1+9 (16.0.1+9) (build 16.0.1+9)
# Java VM: OpenJDK Client VM AdoptOpenJDK-16.0.1+9 (16.0.1+9, mixed mode, serial gc, windows-x86)
# Problematic frame:
# C  0x5bd16028
#
# No core dump will be written. Minidumps are not enabled by default on client versions of Windows
#
# If you would like to submit a bug report, please visit:
#   https://github.com/AdoptOpenJDK/openjdk-support/issues
#

---------------  S U M M A R Y ------------

Command Line: -Dfile.encoding=UTF-8 -Dscala.ext.dirs=C:\Users\Gamerpcen\.sbt\0.13\java9-rt-ext-adoptopenjdk_16_0_1 -Xms1024m -Xmx1024m -Xss4M -XX:ReservedCodeCacheSize=128m xsbt.boot.Boot

Host: AMD Ryzen 5 2600X Six-Core Processor           , 12 cores, 15G,  Windows 10 , 64 bit Build 19041 (10.0.19041.292)
Time: Fri Mar 25 12:06:59 2022 Rom, normaltid elapsed time: 2132.113026 seconds (0d 0h 35m 32s)

---------------  T H R E A D  ---------------

Current thread (0x02d31fd0):  VMThread "VM Thread" [stack: 0x0b0c0000,0x0b110000] [id=14216]

Stack: [0x0b0c0000,0x0b110000],  sp=0x0b10f1b0,  free space=316k
Native frames: (J=compiled Java code, A=aot compiled Java code, j=interpreted, Vv=VM code, C=native code)
C  0x5bd16028

JavaThread 0x02c60c18 (nid = 14120) was being processed
Java frames: (J=compiled Java code, j=interpreted, Vv=VM code)
j  java.lang.Runtime.gc()V+0 java.base@16.0.1
j  java.lang.System.gc()V+3 java.base@16.0.1
j  sbt.internal.GCUtil$.forceGc(Lsbt/util/Logger;)V+9
j  sbt.internal.GCUtil$.forceGcWithInterval(Lscala/concurrent/duration/Duration;Lsbt/util/Logger;)V+35
j  sbt.EvaluateTask$.sbt$EvaluateTask$$shutdownImpl$1(ZLscala/Function1;Lsbt/EvaluateTaskConfig;Lsbt/internal/util/ManagedLogger;)V+41
j  sbt.EvaluateTask$.shutdown$1(Lscala/Function1;Lsbt/EvaluateTaskConfig;Lsbt/internal/util/ManagedLogger;)V+4
j  sbt.EvaluateTask$.liftedTree1$1(Lsbt/Execute;Lsbt/Task;Lsbt/CompletionService;Lsbt/State;Lsbt/std/Streams;Lscala/Function1;Lsbt/EvaluateTaskConfig;Lsbt/internal/util/ManagedLogger;)Lscala/Tuple2;+73
j  sbt.EvaluateTask$.run$1(Lsbt/EvaluateTaskConfig;Lsbt/Triggers;Lsbt/NodeView;Lsbt/Task;Lsbt/CompletionService;Lsbt/State;Lsbt/std/Streams;Lscala/Function1;Lsbt/internal/util/ManagedLogger;)Lscala/Tuple2;+50
j  sbt.EvaluateTask$.runTask(Lsbt/Task;Lsbt/State;Lsbt/std/Streams;Lsbt/Triggers;Lsbt/EvaluateTaskConfig;Lsbt/NodeView;)Lscala/Tuple2;+239
j  sbt.internal.Aggregation$.$anonfun$timedRun$4(Lsbt/State;Lscala/collection/Seq;Lsbt/std/Transform$DummyTaskMap;Lsbt/Task;Lsbt/Extracted;Lsbt/EvaluateTaskConfig;Lsbt/std/Streams;)Lscala/Tuple2;+35
j  sbt.internal.Aggregation$$$Lambda$4941+0x599821b0.apply(Ljava/lang/Object;)Ljava/lang/Object;+28
j  sbt.EvaluateTask$.withStreams(Lsbt/internal/BuildStructure;Lsbt/State;Lscala/Function1;)Ljava/lang/Object;+24
j  sbt.internal.Aggregation$.timedRun(Lsbt/State;Lscala/collection/Seq;Lsbt/std/Transform$DummyTaskMap;)Lsbt/internal/Aggregation$Complete;+109
j  sbt.internal.Aggregation$.runTasks(Lsbt/State;Lscala/collection/Seq;Lsbt/std/Transform$DummyTaskMap;Lsbt/internal/Aggregation$ShowConfig;Lsbt/util/Show;)Lsbt/State;+4
j  sbt.internal.Aggregation$.$anonfun$applyDynamicTasks$4(Lsbt/State;Lsbt/internal/Aggregation$ShowConfig;Lsbt/util/Show;Lscala/collection/Seq;)Lsbt/State;+17
j  sbt.internal.Aggregation$$$Lambda$5873+0x63bb3310.apply(Ljava/lang/Object;)Ljava/lang/Object;+16
j  sbt.Command$.$anonfun$applyEffect$2(Lscala/Function1;Ljava/lang/Object;)Lsbt/State;+2
j  sbt.Command$$$Lambda$1123+0x53f259e8.apply()Ljava/lang/Object;+8
j  sbt.internal.Act$.$anonfun$actParser0$4(Lscala/collection/Seq;Lsbt/Extracted;Lsbt/State;Lscala/Function0;)Lsbt/State;+55
j  sbt.internal.Act$$$Lambda$4931+0x5997d808.apply()Ljava/lang/Object;+16
j  sbt.Command$.process(Ljava/lang/String;Lsbt/State;)Lsbt/State;+64
j  sbt.MainLoop$.$anonfun$processCommand$5(Lsbt/Exec;Lsbt/State;)Lsbt/State;+8
j  sbt.MainLoop$$$Lambda$1088+0x53f08238.apply()Ljava/lang/Object;+8
J 2515 c1 scala.Option.getOrElse(Lscala/Function0;)Ljava/lang/Object; (19 bytes) @ 0x032017a0 [0x03201750+0x00000050]
j  sbt.MainLoop$.process$1(Lsbt/State;Lsbt/internal/CommandExchange;Lsbt/Exec;Lscala/Option;)Lsbt/State;+427
j  sbt.MainLoop$.processCommand(Lsbt/Exec;Lsbt/State;)Lsbt/State;+120
j  sbt.MainLoop$.$anonfun$next$5(Lsbt/Exec;Lsbt/State;)Lsbt/State;+5
j  sbt.MainLoop$$$Lambda$1025+0x53e8f038.apply(Ljava/lang/Object;Ljava/lang/Object;)Ljava/lang/Object;+8
j  sbt.State$StateOpsImpl$.runCmd$1(Lsbt/Exec;Lscala/collection/immutable/List;Lsbt/State;Lscala/Function2;)Lsbt/State;+115
j  sbt.State$StateOpsImpl$.process$extension(Lsbt/State;Lscala/Function2;)Lsbt/State;+546
j  sbt.MainLoop$.$anonfun$next$4(Lsbt/State;Lsbt/util/LoggerContext;Lsbt/internal/TaskProgress;)Lsbt/State;+53
j  sbt.MainLoop$$$Lambda$1024+0x53e8e858.apply()Ljava/lang/Object;+12
J 7933 c1 sbt.internal.util.ErrorHandling$.wideConvert(Lscala/Function0;)Lscala/util/Either; (169 bytes) @ 0x037a71f8 [0x037a71c0+0x00000038]
j  sbt.MainLoop$.next(Lsbt/State;)Lsbt/State;+200
j  sbt.MainLoop$.run(Lsbt/State;)Lsbt/MainLoop$RunNext;+19
j  sbt.MainLoop$.$anonfun$runWithNewLog$1(Lsbt/State;Lsbt/internal/util/GlobalLogBacking;Ljava/io/BufferedWriter;)Lsbt/MainLoop$RunNext;+134
j  sbt.MainLoop$$$Lambda$968+0x53e3dfc0.apply(Ljava/lang/Object;)Ljava/lang/Object;+12
j  sbt.io.Using.apply(Ljava/lang/Object;Lscala/Function1;)Ljava/lang/Object;+8
j  sbt.MainLoop$.runWithNewLog(Lsbt/State;Lsbt/internal/util/GlobalLogBacking;)Lsbt/MainLoop$RunNext;+33
j  sbt.MainLoop$.runAndClearLast(Lsbt/State;Lsbt/internal/util/GlobalLogBacking;)Lsbt/MainLoop$RunNext;+3
j  sbt.MainLoop$.runLoggedLoop(Lsbt/State;Lsbt/internal/util/GlobalLogBacking;)Lxsbti/MainResult;+3
j  sbt.MainLoop$.runLogged(Lsbt/State;)Lxsbti/MainResult;+21
j  sbt.StandardMain$.runManaged(Lsbt/State;)Lxsbti/MainResult;+23
j  sbt.xMain$.$anonfun$run$8(Z[Ljava/lang/String;Lscala/Function1;Lxsbti/AppConfiguration;ZLscala/Option;)Lxsbti/MainResult;+283
j  sbt.xMain$$$Lambda$287+0x521be360.apply()Ljava/lang/Object;+24
j  scala.util.DynamicVariable.withValue(Ljava/lang/Object;Lscala/Function0;)Ljava/lang/Object;+14
j  scala.Console$.withIn(Ljava/io/InputStream;Lscala/Function0;)Ljava/lang/Object;+22
j  sbt.internal.util.Terminal$.withIn(Lscala/Function0;)Ljava/lang/Object;+23
j  sbt.internal.util.Terminal$.$anonfun$withStreams$1(Lscala/Function0;)Ljava/lang/Object;+4
j  sbt.internal.util.Terminal$$$Lambda$506+0x538e5538.apply()Ljava/lang/Object;+4
j  scala.util.DynamicVariable.withValue(Ljava/lang/Object;Lscala/Function0;)Ljava/lang/Object;+14
j  scala.Console$.withOut(Ljava/io/PrintStream;Lscala/Function0;)Ljava/lang/Object;+6
j  sbt.internal.util.Terminal$.$anonfun$withOut$2(Lscala/Function0;)Ljava/lang/Object;+10
j  sbt.internal.util.Terminal$$$Lambda$510+0x538e7238.apply()Ljava/lang/Object;+4
j  scala.util.DynamicVariable.withValue(Ljava/lang/Object;Lscala/Function0;)Ljava/lang/Object;+14
j  scala.Console$.withErr(Ljava/io/PrintStream;Lscala/Function0;)Ljava/lang/Object;+6
j  sbt.internal.util.Terminal$.withOut(Lscala/Function0;)Ljava/lang/Object;+25
j  sbt.internal.util.Terminal$.withStreams(ZZLscala/Function0;)Ljava/lang/Object;+83
j  sbt.xMain$.run(Lxsbti/AppConfiguration;)Lxsbti/MainResult;+341
v  ~StubRoutines::call_stub
j  jdk.internal.reflect.NativeMethodAccessorImpl.invoke0(Ljava/lang/reflect/Method;Ljava/lang/Object;[Ljava/lang/Object;)Ljava/lang/Object;+0 java.base@16.0.1
j  jdk.internal.reflect.NativeMethodAccessorImpl.invoke(Ljava/lang/Object;[Ljava/lang/Object;)Ljava/lang/Object;+146 java.base@16.0.1
j  jdk.internal.reflect.DelegatingMethodAccessorImpl.invoke(Ljava/lang/Object;[Ljava/lang/Object;)Ljava/lang/Object;+6 java.base@16.0.1
j  java.lang.reflect.Method.invoke(Ljava/lang/Object;[Ljava/lang/Object;)Ljava/lang/Object;+59 java.base@16.0.1
j  sbt.internal.XMainConfiguration.run(Ljava/lang/String;Lxsbti/AppConfiguration;)Lxsbti/MainResult;+300
j  sbt.xMain.run(Lxsbti/AppConfiguration;)Lxsbti/MainResult;+10
j  xsbt.boot.Launch$$anonfun$run$1.apply()Ljava/lang/Object;+10
j  xsbt.boot.Launch$.withContextLoader(Ljava/lang/ClassLoader;Lscala/Function0;)Ljava/lang/Object;+15
j  xsbt.boot.Launch$.run(Lxsbti/Launcher;Lxsbt/boot/RunConfiguration;)Lxsbti/MainResult;+97
j  xsbt.boot.Launch$$anonfun$apply$1.apply(Ljava/lang/Object;)Ljava/lang/Object;+16
j  xsbt.boot.Launch$.launch(Lscala/Function1;Lxsbt/boot/RunConfiguration;)Lscala/Option;+2
j  xsbt.boot.Launch$.apply(Lxsbt/boot/LauncherArguments;)Lscala/Option;+882
j  xsbt.boot.Boot$.runImpl(Lxsbt/boot/LauncherArguments;)Lscala/Option;+4
j  xsbt.boot.Boot$.main([Ljava/lang/String;)V+316
j  xsbt.boot.Boot.main([Ljava/lang/String;)V+4
v  ~StubRoutines::call_stub

siginfo: EXCEPTION_ACCESS_VIOLATION (0xc0000005), data execution prevention violation at address 0x5bd16028


Register to memory mapping:

EIP=0x5bd16028 points into unknown readable memory: 0x6b4c0001 | 01 00 4c 6b
EAX=0x5bd16028 points into unknown readable memory: 0x6b4c0001 | 01 00 4c 6b
EBX=0x23aad3c4 is pointing into object: [Ljava.util.concurrent.ConcurrentHashMap$Node; 
{0x23aa33b8} - klass: 'java/util/concurrent/ConcurrentHashMap$Node'[]
 - length: 16384
ECX=0x034b8012 is at entry_point+-14 in (nmethod*)0x034b7f08
EDX=0x0 is NULL
ESP=0x0b10f1b0 points into unknown readable memory: 0x7317fdb9 | b9 fd 17 73
EBP=0x0b10f1dc points into unknown readable memory: 0x0b10f1e8 | e8 f1 10 0b
ESI=0x00002800 is an unknown value
EDI=
[error occurred during error reporting (printing register info), id 0xc0000005, EXCEPTION_ACCESS_VIOLATION (0xc0000005) at pc=0x7323866a]

Registers:
EAX=0x5bd16028, EBX=0x23aad3c4, ECX=0x034b8012, EDX=0x00000000
ESP=0x0b10f1b0, EBP=0x0b10f1dc, ESI=0x00002800, EDI=0x226e7b79
EIP=0x5bd16028, EFLAGS=0x00010202

Top of Stack: (sp=0x0b10f1b0)
0x0b10f1b0:   7317fdb9 733b8654 226e7b79 034b8012
0x0b10f1c0:   733b864c 00000000 02c60c18 23aa33b8
0x0b10f1d0:   00002800 00004000 23aa33b8 0b10f1e8
0x0b10f1e0:   7317fbca 02d31fd0 0b10f204 73295e8a
0x0b10f1f0:   02c60c1c 0000001e 02d31fd0 0b10f268
0x0b10f200:   02c60c18 0b10f220 73295b44 733b864c
0x0b10f210:   0b10f268 6a0aa260 02c60ce8 02c60c18
0x0b10f220:   0b10f248 732960fd 733b864c 0b10f268 

Instructions: (pc=0x5bd16028)
0x5bd15f28:   00 00 00 00 00 00 46 01 10 09 af 40 63 17 00 88
0x5bd15f38:   a0 cc 67 55 a0 cc 67 55 00 00 00 00 00 6f 6e 73
0x5bd15f48:   1f 09 a8 40 61 18 00 88 75 98 c6 e9 00 00 00 00
0x5bd15f58:   10 c0 a8 55 00 00 00 00 1a 09 b5 40 2f 19 00 88
0x5bd15f68:   03 00 ad 3c 07 00 6a 6f 62 6a 65 63 74 07 76 61
0x5bd15f78:   19 09 b6 40 66 1a 00 88 03 00 e7 d2 08 00 49 6e
0x5bd15f88:   46 69 65 6c 64 24 6a 65 04 09 b3 40 4c 1b 00 88
0x5bd15f98:   a0 cc 67 55 a0 cc 67 55 80 a2 c8 5b 00 3b 0c 00
0x5bd15fa8:   03 09 bc 40 00 1c 00 88 01 00 34 cb 09 00 72 65
0x5bd15fb8:   73 75 6c 74 4f 70 74 61 0e 09 b9 40 61 1d 00 88
0x5bd15fc8:   28 e5 0a 51 28 e5 0a 51 d8 88 de 5b 00 00 00 00
0x5bd15fd8:   0d 09 ba 40 74 1e 00 88 b0 65 64 55 98 6a 64 55
0x5bd15fe8:   00 00 00 00 01 52 0a 00 08 09 87 40 00 1f 00 88
0x5bd15ff8:   a0 cc 67 55 a0 cc 67 55 50 6b 9d 5c 00 00 00 00
0x5bd16008:   f7 0e 80 40 69 20 00 88 01 00 53 93 08 00 72 75
0x5bd16018:   6e 6e 69 6e 67 20 65 07 f2 0e 8d 40 58 21 00 88
0x5bd16028:   01 00 4c 6b 09 00 65 78 65 63 75 74 65 24 31 5c
0x5bd16038:   f1 0e 8e 40 01 22 00 88 02 00 30 fd 0a 00 4c 73
0x5bd16048:   62 74 2f 52 75 6e 24 3b fc 0e 8b 40 64 23 00 88
0x5bd16058:   01 00 1e 6d 09 00 6e 61 74 69 76 65 54 6d 70 4c
0x5bd16068:   fb 0e 94 40 2f 24 00 88 a0 cc 67 55 a0 cc 67 55
0x5bd16078:   3b 29 5a 01 00 03 6f 62 e6 0e 91 40 4c 25 00 88
0x5bd16088:   a7 f9 dc 6f f0 74 90 5c 00 b8 af 4b 60 b2 9e 6a
0x5bd16098:   e5 0e 92 40 61 26 00 88 7a 9f 95 28 70 12 f1 59
0x5bd160a8:   c0 08 c1 63 78 d7 3c 53 e0 0e 9f 40 00 27 00 88
0x5bd160b8:   ff 9b d3 a9 38 b6 30 53 30 a9 f5 5d 00 00 00 00
0x5bd160c8:   ef 0e 98 40 61 28 00 88 01 00 9e 6d 0a 00 69 6e
0x5bd160d8:   76 6f 6b 65 4d 61 69 6e 72 11 73 e2 34 0f 0a 08
0x5bd160e8:   80 c3 cd 5b f0 08 ce 5b 1a 00 00 00 22 6c 6d 63
0x5bd160f8:   70 6c f4 00 e8 cb cd 5b 00 00 00 00 00 00 00 00
0x5bd16108:   00 00 07 00 3f 00 00 00 10 00 2f 00 01 00 00 00
0x5bd16118:   00 01 01 00 10 6a 61 76 68 0f f4 00 48 7e d1 5b 


Stack slot to memory mapping:
stack at sp + 0 slots: 0x7317fdb9 jvm.dll
stack at sp + 1 slots: 0x733b8654 jvm.dll
stack at sp + 2 slots: 
[error occurred during error reporting (inspecting top of stack), id 0xc0000005, EXCEPTION_ACCESS_VIOLATION (0xc0000005) at pc=0x7323866a]

VM_Operation (0x02c4de74): GenCollectFull, mode: safepoint, requested by thread 0x02c60c18


---------------  P R O C E S S  ---------------

Threads class SMR info:
_java_thread_list=0x5a234088, length=56, elements={
0x02c60c18, 0x02d3e3c8, 0x02d3f7b0, 0x4c819530,
0x4c819e90, 0x4c81aec0, 0x4c81eaf8, 0x4c820fd0,
0x4c82ad58, 0x4c81e428, 0x4c81e790, 0x4c81d688,
0x4c81ee60, 0x4c81d320, 0x4c81d9f0, 0x4c81dd58,
0x4ecd0cb8, 0x4ecce740, 0x4ecd0950, 0x532e6950,
0x532e9230, 0x5c6e7480, 0x59f4b2f0, 0x59f4af88,
0x59f4ac20, 0x5be09140, 0x5be08708, 0x5be08dd8,
0x5a662a60, 0x5a662390, 0x5a6626f8, 0x5a663498,
0x5bd741c8, 0x6a3a9da8, 0x6a3a8938, 0x6a3a85d0,
0x4f324450, 0x5a000378, 0x4f3247b8, 0x5a000010,
0x5a7fe3f8, 0x5a662dc8, 0x5a663130, 0x532e9598,
0x5c5e4758, 0x6a6cb6b0, 0x6a37fa80, 0x5c18a040,
0x5a2c3610, 0x532e6cb8, 0x4eec75c0, 0x5a2c21a0,
0x5be09de0, 0x5c18b818, 0x5c9b9960, 0x5be09710
}

Java Threads: ( => current thread )
  0x02c60c18 JavaThread "main" [_thread_blocked, id=14120, stack(0x02850000,0x02c50000)]
  0x02d3e3c8 JavaThread "Reference Handler" daemon [_thread_blocked, id=12940, stack(0x4c000000,0x4c400000)]
  0x02d3f7b0 JavaThread "Finalizer" daemon [_thread_blocked, id=2688, stack(0x4c400000,0x4c800000)]
  0x4c819530 JavaThread "Signal Dispatcher" daemon [_thread_blocked, id=820, stack(0x4ca00000,0x4ce00000)]
  0x4c819e90 JavaThread "Attach Listener" daemon [_thread_blocked, id=13504, stack(0x4ce00000,0x4d200000)]
  0x4c81aec0 JavaThread "Service Thread" daemon [_thread_blocked, id=13432, stack(0x4d200000,0x4d600000)]
  0x4c81eaf8 JavaThread "Monitor Deflation Thread" daemon [_thread_blocked, id=13360, stack(0x4d600000,0x4da00000)]
  0x4c820fd0 JavaThread "C1 CompilerThread0" daemon [_thread_blocked, id=6080, stack(0x4b780000,0x4b7d0000)]
  0x4c82ad58 JavaThread "Sweeper thread" daemon [_thread_blocked, id=13436, stack(0x4da40000,0x4de40000)]
  0x4c81e428 JavaThread "Notification Thread" daemon [_thread_blocked, id=7524, stack(0x4de80000,0x4e280000)]
  0x4c81e790 JavaThread "Common-Cleaner" daemon [_thread_blocked, id=13428, stack(0x4e350000,0x4e750000)]
  0x4c81d688 JavaThread "pool-1-thread-1" [_thread_blocked, id=13316, stack(0x4f390000,0x4f790000)]
  0x4c81ee60 JavaThread "pool-1-thread-2" [_thread_blocked, id=13708, stack(0x4f7d0000,0x4fbd0000)]
  0x4c81d320 JavaThread "pool-1-thread-3" [_thread_blocked, id=3424, stack(0x4fc10000,0x50010000)]
  0x4c81d9f0 JavaThread "pool-1-thread-4" [_thread_blocked, id=14224, stack(0x50050000,0x50450000)]
  0x4c81dd58 JavaThread "pool-1-thread-5" [_thread_blocked, id=14196, stack(0x504d0000,0x508d0000)]
  0x4ecd0cb8 JavaThread "sbt-console-input-reader" [_thread_blocked, id=8800, stack(0x54000000,0x54400000)]
  0x4ecce740 JavaThread "classloader-cache-cleanup-0" daemon [_thread_blocked, id=13740, stack(0x54400000,0x54800000)]
  0x4ecd0950 JavaThread "sbt-command-exchange-fastTrack" daemon [_thread_blocked, id=13760, stack(0x54800000,0x54c00000)]
  0x532e6950 JavaThread "FileSystemWatchService" daemon [_thread_in_native, id=8544, stack(0x5abd0000,0x5afd0000)]
  0x532e9230 JavaThread "NioPathWatcher-loop-thread-1" daemon [_thread_blocked, id=2544, stack(0x5afd0000,0x5b3d0000)]
  0x5c6e7480 JavaThread "com.swoval.files.SymlinkWather.callback-executor-1" [_thread_blocked, id=13556, stack(0x61ab0000,0x61eb0000)]
  0x59f4b2f0 JavaThread "FileTreeRepository-callback-executor-1" [_thread_blocked, id=13716, stack(0x61eb0000,0x622b0000)]
  0x59f4af88 JavaThread "FileSystemWatchService" daemon [_thread_in_native, id=10144, stack(0x622b0000,0x626b0000)]
  0x59f4ac20 JavaThread "NioPathWatcher-loop-thread-2" daemon [_thread_blocked, id=10956, stack(0x626b0000,0x62ab0000)]
  0x5be09140 JavaThread "FileSystemWatchService" daemon [_thread_in_native, id=13768, stack(0x62ab0000,0x62eb0000)]
  0x5be08708 JavaThread "NioPathWatcher-loop-thread-3" daemon [_thread_blocked, id=10936, stack(0x62eb0000,0x632b0000)]
  0x5be08dd8 JavaThread "com.swoval.files.SymlinkWather.callback-executor-1" [_thread_blocked, id=10860, stack(0x632b0000,0x636b0000)]
  0x5a662a60 JavaThread "FileTreeRepository-callback-executor-1" [_thread_blocked, id=8504, stack(0x64000000,0x64400000)]
  0x5a662390 JavaThread "FileSystemWatchService" daemon [_thread_blocked, id=7692, stack(0x64400000,0x64800000)]
  0x5a6626f8 JavaThread "NioPathWatcher-loop-thread-4" daemon [_thread_blocked, id=8436, stack(0x64800000,0x64c00000)]
  0x5a663498 JavaThread "sbt-socket-server" [_thread_in_native, id=8656, stack(0x589c0000,0x58dc0000)]
  0x5bd741c8 JavaThread "ForkJoinPool.commonPool-worker-19" daemon [_thread_blocked, id=14372, stack(0x67400000,0x67800000)]
  0x6a3a9da8 JavaThread "Timer-0" daemon [_thread_blocked, id=15008, stack(0x6c320000,0x6c720000)]
  0x6a3a8938 JavaThread "sbt-networkchannel-0" [_thread_in_native, id=15252, stack(0x64c00000,0x65000000)]
  0x6a3a85d0 JavaThread "sbt-network-1-write-thread" daemon [_thread_blocked, id=13344, stack(0x65000000,0x65400000)]
  0x4f324450 JavaThread "sbt-network-1-ui-thread" daemon [_thread_blocked, id=15200, stack(0x65400000,0x65800000)]
  0x5a000378 JavaThread "scala-execution-context-global-348" daemon [_thread_blocked, id=14484, stack(0x5fe50000,0x60250000)]
  0x4f3247b8 JavaThread "ForkJoinPool-2-worker-23" daemon [_thread_blocked, id=15308, stack(0x56000000,0x56400000)]
  0x5a000010 JavaThread "scala-execution-context-global-393" daemon [_thread_blocked, id=2980, stack(0x5d050000,0x5d450000)]
  0x5a7fe3f8 JavaThread "scala-execution-context-global-394" daemon [_thread_blocked, id=7736, stack(0x5d450000,0x5d850000)]
  0x5a662dc8 JavaThread "sbt-task-progress-report-thread" [_thread_blocked, id=8740, stack(0x508d0000,0x50cd0000)]
  0x5a663130 JavaThread "pool-88-thread-1" [_thread_blocked, id=15876, stack(0x533d0000,0x537d0000)]
  0x532e9598 JavaThread "sbt-progress-report-scheduler" [_thread_blocked, id=8600, stack(0x56400000,0x56800000)]
  0x5c5e4758 JavaThread "pool-88-thread-5" [_thread_blocked, id=4864, stack(0x57000000,0x57400000)]
  0x6a6cb6b0 JavaThread "scala-execution-context-global-511" daemon [_thread_blocked, id=13660, stack(0x58400000,0x58800000)]
  0x6a37fa80 JavaThread "scala-execution-context-global-512" daemon [_thread_blocked, id=14896, stack(0x5b3d0000,0x5b7d0000)]
  0x5c18a040 JavaThread "scala-execution-context-global-513" daemon [_thread_blocked, id=11688, stack(0x5b7d0000,0x5bbd0000)]
  0x5a2c3610 JavaThread "scala-execution-context-global-515" daemon [_thread_blocked, id=12352, stack(0x5cc50000,0x5d050000)]
  0x532e6cb8 JavaThread "scala-execution-context-global-514" daemon [_thread_blocked, id=14768, stack(0x5e580000,0x5e980000)]
  0x4eec75c0 JavaThread "scala-execution-context-global-516" daemon [_thread_blocked, id=12852, stack(0x5ec30000,0x5f030000)]
  0x5a2c21a0 JavaThread "scala-execution-context-global-519" daemon [_thread_blocked, id=4880, stack(0x5f030000,0x5f430000)]
  0x5be09de0 JavaThread "scala-execution-context-global-518" daemon [_thread_blocked, id=7864, stack(0x5f430000,0x5f830000)]
  0x5c18b818 JavaThread "scala-execution-context-global-517" daemon [_thread_blocked, id=15432, stack(0x5f830000,0x5fc30000)]
  0x5c9b9960 JavaThread "sbt-bg-threads-17" [_thread_blocked, id=11168, stack(0x606d0000,0x60ad0000)]
  0x5be09710 JavaThread "sbt-bg-threads-18" [_thread_blocked, id=3916, stack(0x60ad0000,0x60ed0000)]

Other Threads:
=>0x02d31fd0 VMThread "VM Thread" [stack: 0x0b0c0000,0x0b110000] [id=14216]
  0x4c8c6a38 WatcherThread [stack: 0x4e2c0000,0x4e310000] [id=4052]

Threads with active compile tasks:

VM state: at safepoint (normal execution)

VM Mutex/Monitor currently owned by a thread:  ([mutex/lock_event])
[0x02c5ed60] Threads_lock - owner thread: 0x02d31fd0
[0x02c5eba0] Heap_lock - owner thread: 0x02c60c18

GC Precious Log:
 CPUs: 12 total, 12 available
 Memory: 16320M
 Large Page Support: Disabled
 NUMA Support: Disabled
 Compressed Oops: Disabled
 Heap Min Capacity: 1024M
 Heap Initial Capacity: 1024M
 Heap Max Capacity: 1024M
 Pre-touch: Disabled

Heap:
 def new generation   total 314560K, used 155790K [0x0b200000, 0x20750000, 0x20750000)
  eden space 279616K,  54% used [0x0b200000, 0x147fbd08, 0x1c310000)
  from space 34944K,   6% used [0x1c310000, 0x1c537c10, 0x1e530000)
  to   space 34944K,   0% used [0x1e530000, 0x1e530000, 0x20750000)
 tenured generation   total 699072K, used 87332K [0x20750000, 0x4b200000, 0x4b200000)
   the space 699072K,  12% used [0x20750000, 0x25c99398, 0x25c99400, 0x4b200000)
 Metaspace       used 140807K, committed 141376K, reserved 147456K

Card table byte_map: [0x4b200000,0x4b410000] _byte_map_base: 0x4b1a7000

Polling page: 0x009e0000

Metaspace:

Usage:
  137.51 MB used.

Virtual space:
    144.00 MB reserved,     138.06 MB ( 96%) committed,  18 nodes.

Chunk freelists:
1.89 MB

MaxMetaspaceSize: 4.00 GB

 - commit_granule_bytes: 65536.
 - commit_granule_words: 16384.
 - virtual_space_node_default_size: 2097152.
 - enlarge_chunks_in_place: 1.
 - new_chunks_are_fully_committed: 0.
 - uncommit_free_chunks: 1.
 - use_allocation_guard: 0.
 - handle_deallocations: 1.


Internal statistics:

num_allocs_failed_limit: 15.
num_arena_births: 512.
num_arena_deaths: 96.
num_vsnodes_births: 18.
num_vsnodes_deaths: 0.
num_space_committed: 2694.
num_space_uncommitted: 485.
num_chunks_returned_to_freelist: 1232.
num_chunks_taken_from_freelist: 6822.
num_chunk_merges: 543.
num_chunk_splits: 5463.
num_chunks_enlarged: 4565.
num_purges: 4.

CodeCache: size=131072Kb used=24219Kb max_used=24219Kb free=106852Kb
 bounds [0x02ec0000, 0x04670000, 0x0aec0000]
 total_blobs=19001 nmethods=18681 adapters=245
 compilation: enabled
              stopped_count=0, restarted_count=0
 full_count=0

Compilation events (20 events):
Event: 2131.990 Thread 0x4c820fd0 19047             scala.reflect.internal.Symbols$NoSymbol::alternatives (24 bytes)
Event: 2131.990 Thread 0x4c820fd0 nmethod 19047 0x0466b208 code [0x0466b320, 0x0466b3ec]
Event: 2131.990 Thread 0x4c820fd0 19048             scala.reflect.internal.Symbols$TermSymbol::isMixinConstructor (38 bytes)
Event: 2131.990 Thread 0x4c820fd0 nmethod 19048 0x0466b488 code [0x0466b5c0, 0x0466b88c]
Event: 2131.990 Thread 0x4c820fd0 19049             scala.reflect.internal.StdNames$TermNames::MIXIN_CONSTRUCTOR (5 bytes)
Event: 2131.990 Thread 0x4c820fd0 nmethod 19049 0x0466ba08 code [0x0466bb20, 0x0466bbd0]
Event: 2131.990 Thread 0x4c820fd0 19050             scala.reflect.runtime.SynchronizedSymbols$SynchronizedSymbol$$anon$13::scala$reflect$runtime$SynchronizedSymbols$SynchronizedSymbol$$_initialized_$eq (6 bytes)
Event: 2131.990 Thread 0x4c820fd0 nmethod 19050 0x0466bc08 code [0x0466bd20, 0x0466bde0]
Event: 2131.994 Thread 0x4c820fd0 19051             scala.collection.AbstractIterable::copyToArray (8 bytes)
Event: 2131.994 Thread 0x4c820fd0 nmethod 19051 0x0466be48 code [0x0466bf60, 0x0466c02c]
Event: 2132.055 Thread 0x4c820fd0 19052             scala.collection.immutable.HashMapBuilder::scala$collection$immutable$HashMapBuilder$$rootNode (5 bytes)
Event: 2132.055 Thread 0x4c820fd0 nmethod 19052 0x0466c0c8 code [0x0466c1e0, 0x0466c290]
Event: 2132.055 Thread 0x4c820fd0 19053             scala.collection.immutable.Vector1::apply (27 bytes)
Event: 2132.055 Thread 0x4c820fd0 nmethod 19053 0x0466c2c8 code [0x0466c3f0, 0x0466c4dc]
Event: 2132.056 Thread 0x4c820fd0 19054             scala.reflect.ClassTag$GenericClassTag::runtimeClass (5 bytes)
Event: 2132.056 Thread 0x4c820fd0 nmethod 19054 0x0466c588 code [0x0466c6a0, 0x0466c750]
Event: 2132.080 Thread 0x4c820fd0 19055   !         java.nio.file.FileTreeWalker::visit (204 bytes)
Event: 2132.081 Thread 0x4c820fd0 nmethod 19055 0x0466c788 code [0x0466c9a0, 0x0466d220]
Event: 2132.081 Thread 0x4c820fd0 19056   !         java.nio.file.FileTreeWalker::getAttributes (94 bytes)
Event: 2132.081 Thread 0x4c820fd0 nmethod 19056 0x0466d688 code [0x0466d840, 0x0466dce4]

GC Heap History (20 events):
Event: 37.989 GC heap after
{Heap after GC invocations=10 (full 5):
 def new generation   total 314560K, used 0K [0x0b200000, 0x20750000, 0x20750000)
  eden space 279616K,   0% used [0x0b200000, 0x0b200000, 0x1c310000)
  from space 34944K,   0% used [0x1e530000, 0x1e530000, 0x20750000)
  to   space 34944K,   0% used [0x1c310000, 0x1c310000, 0x1e530000)
 tenured generation   total 699072K, used 122207K [0x20750000, 0x4b200000, 0x4b200000)
   the space 699072K,  17% used [0x20750000, 0x27ea7e40, 0x27ea8000, 0x4b200000)
 Metaspace       used 90944K, committed 91840K, reserved 98304K
}
Event: 40.792 GC heap before
{Heap before GC invocations=10 (full 5):
 def new generation   total 314560K, used 279616K [0x0b200000, 0x20750000, 0x20750000)
  eden space 279616K, 100% used [0x0b200000, 0x1c310000, 0x1c310000)
  from space 34944K,   0% used [0x1e530000, 0x1e530000, 0x20750000)
  to   space 34944K,   0% used [0x1c310000, 0x1c310000, 0x1e530000)
 tenured generation   total 699072K, used 122207K [0x20750000, 0x4b200000, 0x4b200000)
   the space 699072K,  17% used [0x20750000, 0x27ea7e40, 0x27ea8000, 0x4b200000)
 Metaspace       used 114475K, committed 115008K, reserved 122880K
}
Event: 40.819 GC heap after
{Heap after GC invocations=11 (full 5):
 def new generation   total 314560K, used 9761K [0x0b200000, 0x20750000, 0x20750000)
  eden space 279616K,   0% used [0x0b200000, 0x0b200000, 0x1c310000)
  from space 34944K,  27% used [0x1c310000, 0x1cc984e8, 0x1e530000)
  to   space 34944K,   0% used [0x1e530000, 0x1e530000, 0x20750000)
 tenured generation   total 699072K, used 122207K [0x20750000, 0x4b200000, 0x4b200000)
   the space 699072K,  17% used [0x20750000, 0x27ea7e40, 0x27ea8000, 0x4b200000)
 Metaspace       used 114475K, committed 115008K, reserved 122880K
}
Event: 589.365 GC heap before
{Heap before GC invocations=11 (full 5):
 def new generation   total 314560K, used 289377K [0x0b200000, 0x20750000, 0x20750000)
  eden space 279616K, 100% used [0x0b200000, 0x1c310000, 0x1c310000)
  from space 34944K,  27% used [0x1c310000, 0x1cc984e8, 0x1e530000)
  to   space 34944K,   0% used [0x1e530000, 0x1e530000, 0x20750000)
 tenured generation   total 699072K, used 122207K [0x20750000, 0x4b200000, 0x4b200000)
   the space 699072K,  17% used [0x20750000, 0x27ea7e40, 0x27ea8000, 0x4b200000)
 Metaspace       used 123103K, committed 123648K, reserved 131072K
}
Event: 589.389 GC heap after
{Heap after GC invocations=12 (full 5):
 def new generation   total 314560K, used 13860K [0x0b200000, 0x20750000, 0x20750000)
  eden space 279616K,   0% used [0x0b200000, 0x0b200000, 0x1c310000)
  from space 34944K,  39% used [0x1e530000, 0x1f2b92a8, 0x20750000)
  to   space 34944K,   0% used [0x1c310000, 0x1c310000, 0x1e530000)
 tenured generation   total 699072K, used 122207K [0x20750000, 0x4b200000, 0x4b200000)
   the space 699072K,  17% used [0x20750000, 0x27ea7e40, 0x27ea8000, 0x4b200000)
 Metaspace       used 123103K, committed 123648K, reserved 131072K
}
Event: 713.167 GC heap before
{Heap before GC invocations=12 (full 5):
 def new generation   total 314560K, used 267610K [0x0b200000, 0x20750000, 0x20750000)
  eden space 279616K,  90% used [0x0b200000, 0x1a9cd730, 0x1c310000)
  from space 34944K,  39% used [0x1e530000, 0x1f2b92a8, 0x20750000)
  to   space 34944K,   0% used [0x1c310000, 0x1c310000, 0x1e530000)
 tenured generation   total 699072K, used 122207K [0x20750000, 0x4b200000, 0x4b200000)
   the space 699072K,  17% used [0x20750000, 0x27ea7e40, 0x27ea8000, 0x4b200000)
 Metaspace       used 132558K, committed 133120K, reserved 139264K
}
Event: 713.375 GC heap after
{Heap after GC invocations=13 (full 6):
 def new generation   total 314560K, used 0K [0x0b200000, 0x20750000, 0x20750000)
  eden space 279616K,   0% used [0x0b200000, 0x0b200000, 0x1c310000)
  from space 34944K,   0% used [0x1e530000, 0x1e530000, 0x20750000)
  to   space 34944K,   0% used [0x1c310000, 0x1c310000, 0x1e530000)
 tenured generation   total 699072K, used 108975K [0x20750000, 0x4b200000, 0x4b200000)
   the space 699072K,  15% used [0x20750000, 0x271bbe30, 0x271bc000, 0x4b200000)
 Metaspace       used 124340K, committed 125248K, reserved 139264K
}
Event: 713.394 GC heap before
{Heap before GC invocations=13 (full 6):
 def new generation   total 314560K, used 4926K [0x0b200000, 0x20750000, 0x20750000)
  eden space 279616K,   1% used [0x0b200000, 0x0b6cf9f0, 0x1c310000)
  from space 34944K,   0% used [0x1e530000, 0x1e530000, 0x20750000)
  to   space 34944K,   0% used [0x1c310000, 0x1c310000, 0x1e530000)
 tenured generation   total 699072K, used 108975K [0x20750000, 0x4b200000, 0x4b200000)
   the space 699072K,  15% used [0x20750000, 0x271bbe30, 0x271bc000, 0x4b200000)
 Metaspace       used 124342K, committed 125248K, reserved 139264K
}
Event: 713.521 GC heap after
{Heap after GC invocations=14 (full 7):
 def new generation   total 314560K, used 0K [0x0b200000, 0x20750000, 0x20750000)
  eden space 279616K,   0% used [0x0b200000, 0x0b200000, 0x1c310000)
  from space 34944K,   0% used [0x1e530000, 0x1e530000, 0x20750000)
  to   space 34944K,   0% used [0x1c310000, 0x1c310000, 0x1e530000)
 tenured generation   total 699072K, used 108224K [0x20750000, 0x4b200000, 0x4b200000)
   the space 699072K,  15% used [0x20750000, 0x271000f8, 0x27100200, 0x4b200000)
 Metaspace       used 124342K, committed 125248K, reserved 139264K
}
Event: 961.029 GC heap before
{Heap before GC invocations=14 (full 7):
 def new generation   total 314560K, used 279616K [0x0b200000, 0x20750000, 0x20750000)
  eden space 279616K, 100% used [0x0b200000, 0x1c310000, 0x1c310000)
  from space 34944K,   0% used [0x1e530000, 0x1e530000, 0x20750000)
  to   space 34944K,   0% used [0x1c310000, 0x1c310000, 0x1e530000)
 tenured generation   total 699072K, used 108224K [0x20750000, 0x4b200000, 0x4b200000)
   the space 699072K,  15% used [0x20750000, 0x271000f8, 0x27100200, 0x4b200000)
 Metaspace       used 134332K, committed 134912K, reserved 139264K
}
Event: 961.069 GC heap after
{Heap after GC invocations=15 (full 7):
 def new generation   total 314560K, used 18356K [0x0b200000, 0x20750000, 0x20750000)
  eden space 279616K,   0% used [0x0b200000, 0x0b200000, 0x1c310000)
  from space 34944K,  52% used [0x1c310000, 0x1d4fd318, 0x1e530000)
  to   space 34944K,   0% used [0x1e530000, 0x1e530000, 0x20750000)
 tenured generation   total 699072K, used 108224K [0x20750000, 0x4b200000, 0x4b200000)
   the space 699072K,  15% used [0x20750000, 0x271000f8, 0x27100200, 0x4b200000)
 Metaspace       used 134332K, committed 134912K, reserved 139264K
}
Event: 1463.817 GC heap before
{Heap before GC invocations=15 (full 7):
 def new generation   total 314560K, used 297972K [0x0b200000, 0x20750000, 0x20750000)
  eden space 279616K, 100% used [0x0b200000, 0x1c310000, 0x1c310000)
  from space 34944K,  52% used [0x1c310000, 0x1d4fd318, 0x1e530000)
  to   space 34944K,   0% used [0x1e530000, 0x1e530000, 0x20750000)
 tenured generation   total 699072K, used 108224K [0x20750000, 0x4b200000, 0x4b200000)
   the space 699072K,  15% used [0x20750000, 0x271000f8, 0x27100200, 0x4b200000)
 Metaspace       used 140436K, committed 140992K, reserved 147456K
}
Event: 1463.860 GC heap after
{Heap after GC invocations=16 (full 7):
 def new generation   total 314560K, used 16924K [0x0b200000, 0x20750000, 0x20750000)
  eden space 279616K,   0% used [0x0b200000, 0x0b200000, 0x1c310000)
  from space 34944K,  48% used [0x1e530000, 0x1f5b7180, 0x20750000)
  to   space 34944K,   0% used [0x1c310000, 0x1c310000, 0x1e530000)
 tenured generation   total 699072K, used 114411K [0x20750000, 0x4b200000, 0x4b200000)
   the space 699072K,  16% used [0x20750000, 0x2770af28, 0x2770b000, 0x4b200000)
 Metaspace       used 140436K, committed 140992K, reserved 147456K
}
Event: 1463.904 GC heap before
{Heap before GC invocations=16 (full 7):
 def new generation   total 314560K, used 25612K [0x0b200000, 0x20750000, 0x20750000)
  eden space 279616K,   3% used [0x0b200000, 0x0ba7bee0, 0x1c310000)
  from space 34944K,  48% used [0x1e530000, 0x1f5b7180, 0x20750000)
  to   space 34944K,   0% used [0x1c310000, 0x1c310000, 0x1e530000)
 tenured generation   total 699072K, used 114411K [0x20750000, 0x4b200000, 0x4b200000)
   the space 699072K,  16% used [0x20750000, 0x2770af28, 0x2770b000, 0x4b200000)
 Metaspace       used 140666K, committed 141248K, reserved 147456K
}
Event: 1464.126 GC heap after
{Heap after GC invocations=17 (full 8):
 def new generation   total 314560K, used 0K [0x0b200000, 0x20750000, 0x20750000)
  eden space 279616K,   0% used [0x0b200000, 0x0b200000, 0x1c310000)
  from space 34944K,   0% used [0x1e530000, 0x1e530000, 0x20750000)
  to   space 34944K,   0% used [0x1c310000, 0x1c310000, 0x1e530000)
 tenured generation   total 699072K, used 87331K [0x20750000, 0x4b200000, 0x4b200000)
   the space 699072K,  12% used [0x20750000, 0x25c98f20, 0x25c99000, 0x4b200000)
 Metaspace       used 119733K, committed 121216K, reserved 147456K
}
Event: 1464.139 GC heap before
{Heap before GC invocations=17 (full 8):
 def new generation   total 314560K, used 3305K [0x0b200000, 0x20750000, 0x20750000)
  eden space 279616K,   1% used [0x0b200000, 0x0b53a4b0, 0x1c310000)
  from space 34944K,   0% used [0x1e530000, 0x1e530000, 0x20750000)
  to   space 34944K,   0% used [0x1c310000, 0x1c310000, 0x1e530000)
 tenured generation   total 699072K, used 87331K [0x20750000, 0x4b200000, 0x4b200000)
   the space 699072K,  12% used [0x20750000, 0x25c98f20, 0x25c99000, 0x4b200000)
 Metaspace       used 119733K, committed 121216K, reserved 147456K
}
Event: 1464.280 GC heap after
{Heap after GC invocations=18 (full 9):
 def new generation   total 314560K, used 0K [0x0b200000, 0x20750000, 0x20750000)
  eden space 279616K,   0% used [0x0b200000, 0x0b200000, 0x1c310000)
  from space 34944K,   0% used [0x1e530000, 0x1e530000, 0x20750000)
  to   space 34944K,   0% used [0x1c310000, 0x1c310000, 0x1e530000)
 tenured generation   total 699072K, used 87332K [0x20750000, 0x4b200000, 0x4b200000)
   the space 699072K,  12% used [0x20750000, 0x25c99398, 0x25c99400, 0x4b200000)
 Metaspace       used 119733K, committed 121216K, reserved 147456K
}
Event: 1524.803 GC heap before
{Heap before GC invocations=18 (full 9):
 def new generation   total 314560K, used 279614K [0x0b200000, 0x20750000, 0x20750000)
  eden space 279616K,  99% used [0x0b200000, 0x1c30fb20, 0x1c310000)
  from space 34944K,   0% used [0x1e530000, 0x1e530000, 0x20750000)
  to   space 34944K,   0% used [0x1c310000, 0x1c310000, 0x1e530000)
 tenured generation   total 699072K, used 87332K [0x20750000, 0x4b200000, 0x4b200000)
   the space 699072K,  12% used [0x20750000, 0x25c99398, 0x25c99400, 0x4b200000)
 Metaspace       used 125747K, committed 126336K, reserved 147456K
}
Event: 1524.810 GC heap after
{Heap after GC invocations=19 (full 9):
 def new generation   total 314560K, used 2207K [0x0b200000, 0x20750000, 0x20750000)
  eden space 279616K,   0% used [0x0b200000, 0x0b200000, 0x1c310000)
  from space 34944K,   6% used [0x1c310000, 0x1c537c10, 0x1e530000)
  to   space 34944K,   0% used [0x1e530000, 0x1e530000, 0x20750000)
 tenured generation   total 699072K, used 87332K [0x20750000, 0x4b200000, 0x4b200000)
   the space 699072K,  12% used [0x20750000, 0x25c99398, 0x25c99400, 0x4b200000)
 Metaspace       used 125747K, committed 126336K, reserved 147456K
}
Event: 2132.084 GC heap before
{Heap before GC invocations=19 (full 9):
 def new generation   total 314560K, used 155790K [0x0b200000, 0x20750000, 0x20750000)
  eden space 279616K,  54% used [0x0b200000, 0x147fbd08, 0x1c310000)
  from space 34944K,   6% used [0x1c310000, 0x1c537c10, 0x1e530000)
  to   space 34944K,   0% used [0x1e530000, 0x1e530000, 0x20750000)
 tenured generation   total 699072K, used 87332K [0x20750000, 0x4b200000, 0x4b200000)
   the space 699072K,  12% used [0x20750000, 0x25c99398, 0x25c99400, 0x4b200000)
 Metaspace       used 140807K, committed 141376K, reserved 147456K
}

Deoptimization events (20 events):
Event: 33.852 Thread 0x5be09710 DEOPT PACKING pc=0x0328ce94 sp=0x5d04f510
Event: 33.852 Thread 0x532e87f8 DEOPT PACKING pc=0x0328ce94 sp=0x60c2f580
Event: 33.852 Thread 0x5be09710 DEOPT UNPACKING pc=0x02eff1d1 sp=0x5d04f424 mode 0
Event: 33.852 Thread 0x532e87f8 DEOPT UNPACKING pc=0x02eff1d1 sp=0x60c2f494 mode 0
Event: 33.852 Thread 0x5be08a70 DEOPT PACKING pc=0x0328ce94 sp=0x5d44f280
Event: 33.852 Thread 0x5be08a70 DEOPT UNPACKING pc=0x02eff1d1 sp=0x5d44f194 mode 0
Event: 33.852 Thread 0x5be40358 DEOPT PACKING pc=0x0328ce94 sp=0x5d88f040
Event: 33.852 Thread 0x5be40358 DEOPT UNPACKING pc=0x02eff1d1 sp=0x5d88ef54 mode 0
Event: 34.474 Thread 0x4f3247b8 DEOPT PACKING pc=0x02fa2e50 sp=0x66bfbd00
Event: 34.474 Thread 0x4f3247b8 DEOPT UNPACKING pc=0x02eff1d1 sp=0x66bfbb14 mode 0
Event: 36.448 Thread 0x4f3247b8 DEOPT PACKING pc=0x03c06768 sp=0x66bfca60
Event: 36.448 Thread 0x4f3247b8 DEOPT UNPACKING pc=0x02eff1d1 sp=0x66bfca04 mode 0
Event: 36.448 Thread 0x4f3247b8 DEOPT PACKING pc=0x03c06768 sp=0x66bfd560
Event: 36.448 Thread 0x4f3247b8 DEOPT UNPACKING pc=0x02eff1d1 sp=0x66bfd504 mode 0
Event: 38.185 Thread 0x4f3247b8 DEOPT PACKING pc=0x03fd9dc5 sp=0x66bfd8d0
Event: 38.185 Thread 0x4f3247b8 DEOPT UNPACKING pc=0x02eff1d1 sp=0x66bfd76c mode 3
Event: 38.187 Thread 0x4f3247b8 DEOPT PACKING pc=0x03fd65b3 sp=0x66bfd950
Event: 38.187 Thread 0x4f3247b8 DEOPT UNPACKING pc=0x02eff1d1 sp=0x66bfd7d0 mode 3
Event: 711.581 Thread 0x5bd74530 DEOPT PACKING pc=0x042fc0cf sp=0x50ccec10
Event: 711.581 Thread 0x5bd74530 DEOPT UNPACKING pc=0x02eff1d1 sp=0x50ccef68 mode 3

Classes unloaded (20 events):
Event: 1463.995 Thread 0x02d31fd0 Unloading class 0x5dedcaa8 'java/lang/invoke/LambdaForm$MH+0x5dedcaa8'
Event: 1463.995 Thread 0x02d31fd0 Unloading class 0x5dedc270 'java/lang/invoke/LambdaForm$MH+0x5dedc270'
Event: 1463.995 Thread 0x02d31fd0 Unloading class 0x55778a80 'java/lang/invoke/LambdaForm$DMH+0x55778a80'
Event: 1463.995 Thread 0x02d31fd0 Unloading class 0x54d60c20 'jdk/internal/reflect/GeneratedConstructorAccessor5'
Event: 1463.995 Thread 0x02d31fd0 Unloading class 0x54d5c300 'java/lang/invoke/LambdaForm$MH+0x54d5c300'
Event: 1463.995 Thread 0x02d31fd0 Unloading class 0x54d5bae0 'java/lang/invoke/LambdaForm$MH+0x54d5bae0'
Event: 1463.995 Thread 0x02d31fd0 Unloading class 0x54d5b2a8 'java/lang/invoke/LambdaForm$MH+0x54d5b2a8'
Event: 1463.995 Thread 0x02d31fd0 Unloading class 0x54d5aa70 'java/lang/invoke/LambdaForm$MH+0x54d5aa70'
Event: 1463.995 Thread 0x02d31fd0 Unloading class 0x54d5a3f8 'jdk/internal/reflect/GeneratedConstructorAccessor4'
Event: 1463.995 Thread 0x02d31fd0 Unloading class 0x54d59c20 'jdk/internal/reflect/GeneratedConstructorAccessor3'
Event: 1463.995 Thread 0x02d31fd0 Unloading class 0x54d58c20 'jdk/internal/reflect/GeneratedConstructorAccessor2'
Event: 1463.995 Thread 0x02d31fd0 Unloading class 0x54d58420 'jdk/internal/reflect/GeneratedConstructorAccessor1'
Event: 1463.995 Thread 0x02d31fd0 Unloading class 0x53ba0b68 'java/lang/invoke/LambdaForm$MH+0x53ba0b68'
Event: 1463.995 Thread 0x02d31fd0 Unloading class 0x53b98b38 'java/lang/invoke/LambdaForm$MH+0x53b98b38'
Event: 1463.995 Thread 0x02d31fd0 Unloading class 0x53b98300 'java/lang/invoke/LambdaForm$MH+0x53b98300'
Event: 1463.995 Thread 0x02d31fd0 Unloading class 0x53b91ad0 'java/lang/invoke/LambdaForm$MH+0x53b91ad0'
Event: 1463.995 Thread 0x02d31fd0 Unloading class 0x53b912a8 'java/lang/invoke/LambdaForm$MH+0x53b912a8'
Event: 1463.995 Thread 0x02d31fd0 Unloading class 0x53b90270 'java/lang/invoke/LambdaForm$MH+0x53b90270'
Event: 1463.995 Thread 0x02d31fd0 Unloading class 0x517fc288 'java/lang/invoke/LambdaForm$DMH+0x517fc288'
Event: 1463.995 Thread 0x02d31fd0 Unloading class 0x516a4280 'java/lang/invoke/LambdaForm$DMH+0x516a4280'

Classes redefined (0 events):
No events

Internal exceptions (20 events):
Event: 2131.576 Thread 0x5c5e4758 Exception <a 'sun/nio/fs/WindowsException'{0x11e2f8d8}> (0x11e2f8d8) 
thrown [e:\jenkins\tmp\workspace\build\src\src\hotspot\share\prims\jni.cpp, line 579]
Event: 2131.576 Thread 0x5c5e4758 Exception <a 'sun/nio/fs/WindowsException'{0x11e2ff68}> (0x11e2ff68) 
thrown [e:\jenkins\tmp\workspace\build\src\src\hotspot\share\prims\jni.cpp, line 579]
Event: 2131.576 Thread 0x5c5e4758 Exception <a 'sun/nio/fs/WindowsException'{0x11e37e70}> (0x11e37e70) 
thrown [e:\jenkins\tmp\workspace\build\src\src\hotspot\share\prims\jni.cpp, line 579]
Event: 2131.578 Thread 0x5c5e4758 Exception <a 'sun/nio/fs/WindowsException'{0x11e44728}> (0x11e44728) 
thrown [e:\jenkins\tmp\workspace\build\src\src\hotspot\share\prims\jni.cpp, line 579]
Event: 2131.584 Thread 0x5c5e4758 Exception <a 'sun/nio/fs/WindowsException'{0x123041e0}> (0x123041e0) 
thrown [e:\jenkins\tmp\workspace\build\src\src\hotspot\share\prims\jni.cpp, line 579]
Event: 2131.585 Thread 0x5c5e4758 Exception <a 'sun/nio/fs/WindowsException'{0x12304c18}> (0x12304c18) 
thrown [e:\jenkins\tmp\workspace\build\src\src\hotspot\share\prims\jni.cpp, line 579]
Event: 2131.585 Thread 0x5c5e4758 Exception <a 'sun/nio/fs/WindowsException'{0x12305270}> (0x12305270) 
thrown [e:\jenkins\tmp\workspace\build\src\src\hotspot\share\prims\jni.cpp, line 579]
Event: 2131.585 Thread 0x5c5e4758 Exception <a 'sun/nio/fs/WindowsException'{0x123055d0}> (0x123055d0) 
thrown [e:\jenkins\tmp\workspace\build\src\src\hotspot\share\prims\jni.cpp, line 579]
Event: 2131.585 Thread 0x5c5e4758 Exception <a 'sun/nio/fs/WindowsException'{0x12306080}> (0x12306080) 
thrown [e:\jenkins\tmp\workspace\build\src\src\hotspot\share\prims\jni.cpp, line 579]
Event: 2131.585 Thread 0x5c5e4758 Exception <a 'sun/nio/fs/WindowsException'{0x123063a8}> (0x123063a8) 
thrown [e:\jenkins\tmp\workspace\build\src\src\hotspot\share\prims\jni.cpp, line 579]
Event: 2131.585 Thread 0x5c5e4758 Exception <a 'sun/nio/fs/WindowsException'{0x12306e48}> (0x12306e48) 
thrown [e:\jenkins\tmp\workspace\build\src\src\hotspot\share\prims\jni.cpp, line 579]
Event: 2132.075 Thread 0x5be09710 Exception <a 'java/lang/reflect/InvocationTargetException'{0x1473ba18}> (0x1473ba18) 
thrown [e:\jenkins\tmp\workspace\build\src\src\hotspot\share\runtime\reflection.cpp, line 1157]
Event: 2132.081 Thread 0x5be09710 Exception <a 'sun/nio/fs/WindowsException'{0x1477ad30}> (0x1477ad30) 
thrown [e:\jenkins\tmp\workspace\build\src\src\hotspot\share\prims\jni.cpp, line 579]
Event: 2132.081 Thread 0x5be09710 Exception <a 'sun/nio/fs/WindowsException'{0x1477b368}> (0x1477b368) 
thrown [e:\jenkins\tmp\workspace\build\src\src\hotspot\share\prims\jni.cpp, line 579]
Event: 2132.081 Thread 0x02c60c18 Exception <a 'sun/nio/fs/WindowsException'{0x11a14ca0}> (0x11a14ca0) 
thrown [e:\jenkins\tmp\workspace\build\src\src\hotspot\share\prims\jni.cpp, line 579]
Event: 2132.081 Thread 0x5be09710 Exception <a 'sun/nio/fs/WindowsException'{0x1477b920}> (0x1477b920) 
thrown [e:\jenkins\tmp\workspace\build\src\src\hotspot\share\prims\jni.cpp, line 579]
Event: 2132.081 Thread 0x02c60c18 Exception <a 'sun/nio/fs/WindowsException'{0x11a157a0}> (0x11a157a0) 
thrown [e:\jenkins\tmp\workspace\build\src\src\hotspot\share\prims\jni.cpp, line 579]
Event: 2132.081 Thread 0x5be09710 Exception <a 'sun/nio/fs/WindowsException'{0x1477bec0}> (0x1477bec0) 
thrown [e:\jenkins\tmp\workspace\build\src\src\hotspot\share\prims\jni.cpp, line 579]
Event: 2132.081 Thread 0x02c60c18 Exception <a 'sun/nio/fs/WindowsException'{0x11a16a78}> (0x11a16a78) 
thrown [e:\jenkins\tmp\workspace\build\src\src\hotspot\share\prims\jni.cpp, line 579]
Event: 2132.081 Thread 0x5be09710 Exception <a 'sun/nio/fs/WindowsException'{0x1477c230}> (0x1477c230) 
thrown [e:\jenkins\tmp\workspace\build\src\src\hotspot\share\prims\jni.cpp, line 579]

Events (20 events):
Event: 2131.567 Thread 0x6a37fa80 Thread added: 0x6a37fa80
Event: 2131.567 Thread 0x5c18a040 Thread added: 0x5c18a040
Event: 2131.567 Thread 0x5a2c3610 Thread added: 0x5a2c3610
Event: 2131.568 Thread 0x532e6cb8 Thread added: 0x532e6cb8
Event: 2131.568 Thread 0x4eec75c0 Thread added: 0x4eec75c0
Event: 2131.568 Thread 0x5a2c21a0 Thread added: 0x5a2c21a0
Event: 2131.568 Thread 0x5be09de0 Thread added: 0x5be09de0
Event: 2131.568 Thread 0x5c18b818 Thread added: 0x5c18b818
Event: 2131.746 Thread 0x5c9b9960 Thread added: 0x5c9b9960
Event: 2131.747 Thread 0x5be09710 Thread added: 0x5be09710
Event: 2132.078 Thread 0x5be09710 Thread exited: 0x5be09710
Event: 2132.079 Thread 0x5be09710 Thread added: 0x5be09710
Event: 2132.083 Thread 0x5c5e4e28 Thread exited: 0x5c5e4e28
Event: 2132.083 Thread 0x5c5e4ac0 Thread exited: 0x5c5e4ac0
Event: 2132.083 Thread 0x5a662028 Thread exited: 0x5a662028
Event: 2132.083 Thread 0x5c5e5190 Thread exited: 0x5c5e5190
Event: 2132.083 Thread 0x6a78b538 Thread exited: 0x6a78b538
Event: 2132.083 Thread 0x5a663800 Thread exited: 0x5a663800
Event: 2132.083 Thread 0x4f3240e8 Thread exited: 0x4f3240e8
Event: 2132.083 Executing  VM operation: GenCollectFull


Dynamic libraries:
0x006f0000 - 0x006fc000 	C:\Program Files\AdoptOpenJDK\jdk-16.0.1+9\bin\java.exe
0x775e0000 - 0x77783000 	C:\Windows\SYSTEM32\ntdll.dll
0x755b0000 - 0x756a0000 	C:\Windows\System32\KERNEL32.DLL
0x75e60000 - 0x76073000 	C:\Windows\System32\KERNELBASE.dll
0x74da0000 - 0x74e3f000 	C:\Windows\SYSTEM32\apphelp.dll
0x77250000 - 0x77370000 	C:\Windows\System32\ucrtbase.dll
0x74d80000 - 0x74d94000 	C:\Program Files\AdoptOpenJDK\jdk-16.0.1+9\bin\jli.dll
0x74d60000 - 0x74d74000 	C:\Program Files\AdoptOpenJDK\jdk-16.0.1+9\bin\VCRUNTIME140.dll
0x76d10000 - 0x76ea3000 	C:\Windows\System32\USER32.dll
0x741a0000 - 0x743b0000 	C:\Windows\WinSxS\x86_microsoft.windows.common-controls_6595b64144ccf1df_6.0.19041.1_none_fd031af45b0106f2\COMCTL32.dll
0x774b0000 - 0x774c8000 	C:\Windows\System32\win32u.dll
0x76b90000 - 0x76c4f000 	C:\Windows\System32\msvcrt.dll
0x76080000 - 0x760a3000 	C:\Windows\System32\GDI32.dll
0x765e0000 - 0x766ba000 	C:\Windows\System32\gdi32full.dll
0x76a30000 - 0x76aab000 	C:\Windows\System32\msvcp_win.dll
0x756a0000 - 0x756c5000 	C:\Windows\System32\IMM32.DLL
0x74ce0000 - 0x74d51000 	C:\Program Files\AdoptOpenJDK\jdk-16.0.1+9\bin\msvcp140.dll
0x72f20000 - 0x7343c000 	C:\Program Files\AdoptOpenJDK\jdk-16.0.1+9\bin\client\jvm.dll
0x773f0000 - 0x77469000 	C:\Windows\System32\ADVAPI32.dll
0x76ab0000 - 0x76b25000 	C:\Windows\System32\sechost.dll
0x76f10000 - 0x76fca000 	C:\Windows\System32\RPCRT4.dll
0x76c60000 - 0x76c66000 	C:\Windows\System32\PSAPI.DLL
0x74590000 - 0x74598000 	C:\Windows\SYSTEM32\WSOCK32.dll
0x746f0000 - 0x74718000 	C:\Windows\SYSTEM32\WINMM.dll
0x74ae0000 - 0x74ae8000 	C:\Windows\SYSTEM32\VERSION.dll
0x757b0000 - 0x75813000 	C:\Windows\System32\WS2_32.dll
0x754b0000 - 0x754bf000 	C:\Windows\SYSTEM32\kernel.appcore.dll
0x74cd0000 - 0x74cd9000 	C:\Program Files\AdoptOpenJDK\jdk-16.0.1+9\bin\jimage.dll
0x74b40000 - 0x74cc8000 	C:\Windows\SYSTEM32\DBGHELP.DLL
0x74b10000 - 0x74b36000 	C:\Windows\SYSTEM32\dbgcore.DLL
0x766c0000 - 0x7671c000 	C:\Windows\System32\bcryptPrimitives.dll
0x74a70000 - 0x74a91000 	C:\Program Files\AdoptOpenJDK\jdk-16.0.1+9\bin\java.dll
0x758b0000 - 0x75e60000 	C:\Windows\System32\SHELL32.dll
0x74ea0000 - 0x754a8000 	C:\Windows\SYSTEM32\windows.storage.dll
0x76fd0000 - 0x77250000 	C:\Windows\System32\combase.dll
0x74e70000 - 0x74e94000 	C:\Windows\SYSTEM32\Wldp.dll
0x75820000 - 0x758a7000 	C:\Windows\System32\SHCORE.dll
0x75510000 - 0x75555000 	C:\Windows\System32\shlwapi.dll
0x74aa0000 - 0x74ab8000 	C:\Windows\SYSTEM32\profapi.dll
0x74ac0000 - 0x74ad4000 	C:\Program Files\AdoptOpenJDK\jdk-16.0.1+9\bin\net.dll
0x749a0000 - 0x74a62000 	C:\Windows\SYSTEM32\WINHTTP.dll
0x72ca0000 - 0x72cf2000 	C:\Windows\system32\mswsock.dll
0x74b00000 - 0x74b0f000 	C:\Program Files\AdoptOpenJDK\jdk-16.0.1+9\bin\nio.dll
0x74980000 - 0x74994000 	C:\Program Files\AdoptOpenJDK\jdk-16.0.1+9\bin\zip.dll
0x72d60000 - 0x72d6d000 	C:\Program Files\AdoptOpenJDK\jdk-16.0.1+9\bin\verify.dll
0x74960000 - 0x74973000 	C:\Windows\SYSTEM32\CRYPTSP.dll
0x74930000 - 0x7495f000 	C:\Windows\system32\rsaenh.dll
0x77470000 - 0x77489000 	C:\Windows\System32\bcrypt.dll
0x744d0000 - 0x744f5000 	C:\Windows\SYSTEM32\USERENV.dll
0x74920000 - 0x7492a000 	C:\Windows\SYSTEM32\CRYPTBASE.dll
0x74500000 - 0x74532000 	C:\Windows\SYSTEM32\IPHLPAPI.DLL
0x76c50000 - 0x76c57000 	C:\Windows\System32\NSI.dll
0x74900000 - 0x74914000 	C:\Windows\SYSTEM32\dhcpcsvc6.DLL
0x748e0000 - 0x748f6000 	C:\Windows\SYSTEM32\dhcpcsvc.DLL
0x72c10000 - 0x72ca0000 	C:\Windows\SYSTEM32\DNSAPI.dll
0x748a0000 - 0x748d7000 	C:\Users\Gamerpcen\AppData\Local\Temp\jna--1272423300\jna10493718020034121647.dll
0x6df00000 - 0x6df4e000 	C:\Users\Gamerpcen\AppData\Local\Temp\jansi-2.1.0-75a1c6f10fe6bf7a-jansi.dll
0x74890000 - 0x74898000 	C:\Program Files\AdoptOpenJDK\jdk-16.0.1+9\bin\management.dll
0x74880000 - 0x74889000 	C:\Program Files\AdoptOpenJDK\jdk-16.0.1+9\bin\management_ext.dll
0x74190000 - 0x7419b000 	C:\Program Files\AdoptOpenJDK\jdk-16.0.1+9\bin\sunmscapi.dll
0x774d0000 - 0x775cf000 	C:\Windows\System32\CRYPT32.dll
0x73a00000 - 0x73a21000 	C:\Windows\SYSTEM32\ncrypt.dll
0x739d0000 - 0x739f8000 	C:\Windows\SYSTEM32\NTASN1.dll
0x74570000 - 0x74581000 	C:\Windows\system32\napinsp.dll
0x74550000 - 0x74566000 	C:\Windows\system32\pnrpnsp.dll
0x74540000 - 0x74550000 	C:\Windows\system32\wshbth.dll
0x72ac0000 - 0x72ad6000 	C:\Windows\system32\NLAapi.dll
0x74440000 - 0x7444e000 	C:\Windows\System32\winrnr.dll
0x72ee0000 - 0x72ee8000 	C:\Windows\System32\rasadhlp.dll
0x74820000 - 0x74878000 	C:\Windows\System32\fwpuclnt.dll

dbghelp: loaded successfully - version: 4.0.5 - missing functions: none
symbol engine: initialized successfully - sym options: 0x614 - pdb path: .;C:\Program Files\AdoptOpenJDK\jdk-16.0.1+9\bin;C:\Windows\SYSTEM32;C:\Windows\WinSxS\x86_microsoft.windows.common-controls_6595b64144ccf1df_6.0.19041.1_none_fd031af45b0106f2;C:\Program Files\AdoptOpenJDK\jdk-16.0.1+9\bin\client;C:\Users\Gamerpcen\AppData\Local\Temp\jna--1272423300;C:\Users\Gamerpcen\AppData\Local\Temp

VM Arguments:
jvm_args: -Dfile.encoding=UTF-8 -Dscala.ext.dirs=C:\Users\Gamerpcen\.sbt\0.13\java9-rt-ext-adoptopenjdk_16_0_1 -Xms1024m -Xmx1024m -Xss4M -XX:ReservedCodeCacheSize=128m 
java_command: xsbt.boot.Boot
java_class_path (initial): C:\Program Files (x86)\sbt\\bin\sbt-launch.jar
Launcher Type: SUN_STANDARD

[Global flags]
   size_t InitialHeapSize                          = 1073741824                                {product} {command line}
   size_t MaxHeapSize                              = 1073741824                                {product} {command line}
   size_t MaxNewSize                               = 357892096                                 {product} {ergonomic}
   size_t MinHeapDeltaBytes                        = 131072                                    {product} {ergonomic}
   size_t MinHeapSize                              = 1073741824                                {product} {command line}
   size_t NewSize                                  = 357892096                                 {product} {ergonomic}
    uintx NonProfiledCodeHeapSize                  = 0                                      {pd product} {ergonomic}
   size_t OldSize                                  = 715849728                                 {product} {ergonomic}
    uintx ProfiledCodeHeapSize                     = 0                                      {pd product} {ergonomic}
    uintx ReservedCodeCacheSize                    = 134217728                              {pd product} {command line}
   size_t SoftMaxHeapSize                          = 1073741824                             {manageable} {ergonomic}
     intx ThreadStackSize                          = 4096                                   {pd product} {command line}
     bool UseLargePagesIndividualAllocation        = false                                  {pd product} {ergonomic}
     bool UseSerialGC                              = true                                      {product} {ergonomic}

Logging:
Log output configuration:
 #0: stdout all=warning uptime,level,tags
 #1: stderr all=off uptime,level,tags

Environment Variables:
JAVA_HOME=C:\Program Files\AdoptOpenJDK\jdk-16.0.1+9
PATH=C:\Program Files\AdoptOpenJDK\jdk-16.0.1+9\bin;C:\Program Files\AdoptOpenJDK\jdk-8.0.282.8-hotspot\bin;C:\Windows\system32;C:\Windows;C:\Windows\System32\Wbem;C:\Windows\System32\WindowsPowerShell\v1.0\;C:\Windows\System32\OpenSSH\;C:\Program Files (x86)\NVIDIA Corporation\PhysX\Common;C:\Program Files\dotnet\;C:\Program Files (x86)\sbt\bin;C:\Program Files\Git\cmd;C:\MinGW\bin;C:\Program Files\AdoptOpenJDK\jdk-16.0.1+9\bin;C:\Program Files (x86)\Calibre2\;C:\Program Files\Inkscape\bin;C:\Users\Gamerpcen\AppData\Local\Microsoft\WindowsApps;C:\Users\Gamerpcen\.dotnet\tools;C:\MinGW\bin;C:\Users\Gamerpcen\AppData\Local\Programs\Microsoft VS Code\bin;C:\Users\Gamerpcen\AppData\Local\GitHubDesktop\bin
USERNAME=Gamerpcen
LANG=da_DK.UTF-8
OS=Windows_NT
PROCESSOR_IDENTIFIER=AMD64 Family 23 Model 8 Stepping 2, AuthenticAMD



---------------  S Y S T E M  ---------------

OS:
 Windows 10 , 64 bit Build 19041 (10.0.19041.292)
OS uptime: 0 days 0:58 hours

CPU: total 12 (initial active 12) (12 cores per cpu, 2 threads per core) family 23 model 8 stepping 2 microcode 0x0, cx8, cmov, fxsr, ht, mmx, 3dnowpref, sse, sse2, sse3, ssse3, sse4a, sse4.1, sse4.2, popcnt, lzcnt, tsc, tscinvbit, avx, avx2, aes, clmul, bmi1, bmi2, adx, sha, fma, vzeroupper, clflush, clflushopt

Memory: 4k page, system-wide physical 16320M (5750M free)
TotalPageFile size 18752M (AvailPageFile size 4637M), user-mode portion of virtual address-space 2047M (330M free)
current process WorkingSet (physical memory assigned to process): 691M, peak: 723M
current process commit charge ("private bytes"): 1270M, peak: 1299M

vm_info: OpenJDK Client VM (16.0.1+9) for windows-x86 JRE (16.0.1+9), built on Apr 21 2021 12:07:23 by "" with MS VC++ 16.7 (VS2019)

END.
